                                     PPPPPPPPPPPP  RRRRRRRRRRRR  GGGGGGGGGGGG   0000000000   222222222222
                                    PP        PP  RR        RR  GG        GG  00      0000  22        22
                                   PP        PP  RR        RR  GG            00     00 00            22
                                  PP        PP  RR        RR  GG            00    00  00            22
                                 PPPPPPPPPPPP  RRRRRRRRRRRR  GG            00   00   00           22
                                PPPPPPPPPPP   RRRRRRRRRRR   GG     GGGGG  00  00    00         22
                               PP            RR    RR      GG     GGGGG  00 00     00       22
                              PP            RR     RR     GG        GG  0000      00     22
                             PP            RR      RR    GG        GG  000       00   22
                            PP            RR       RR   GGGGGGGGGGGG   0000000000   222222222222
                           PP            RR        RR   GGGGGGGGGG     00000000    222222222222



                    JJJJJJJJJJ  777777777777   6666666666                                             ZZZZZZZZZZZZ
                    JJJJJJJJJJ  77777777777   666666666666                                            ZZZZZZZZZZZZ
                        JJ      77      77    66        66                                                     ZZ
                        JJ             77     66                                                              ZZ
                        JJ            77      66                                                             ZZ
                        JJ           77       66666666666                                                ZZZZZZZ
                        JJ           77       666666666666                                               ZZZZZZZ
                        JJ           77       66        66                                                ZZ
                  JJ    JJ           77       66        66                                               ZZ
                  JJ    JJ           77       66        66                                              ZZ
                  JJJJJJJJ           77       666666666666                                             ZZZZZZZZZZZ
                   JJJJJJ            77        6666666666                                             ZZZZZZZZZZZZ


****Z  START  JOB   76  PRG02                           ROOM        1.35.45 AM 30 APR 24  PRINTER2  SYS TK5R  JOB   76  START  Z****
****Z  START  JOB   76  PRG02                           ROOM        1.35.45 AM 30 APR 24  PRINTER2  SYS TK5R  JOB   76  START  Z****
****Z  START  JOB   76  PRG02                           ROOM        1.35.45 AM 30 APR 24  PRINTER2  SYS TK5R  JOB   76  START  Z****
****Z  START  JOB   76  PRG02                           ROOM        1.35.45 AM 30 APR 24  PRINTER2  SYS TK5R  JOB   76  START  Z****
                                                J E S 2   J O B   L O G


 1.35.45 JOB   76  $HASP373 PRG02    STARTED - INIT  1 - CLASS A - SYS TK5R
 1.35.45 JOB   76  IEF403I PRG02 - STARTED - TIME=01.35.45
 1.35.45 JOB   76  IEFACTRT - Stepname  Procstep  Program   Retcode
 1.35.45 JOB   76  PRG02      ASMSTP    ASM       IFOX00    RC= 0000
 1.35.45 JOB   76  +MESSAGE FOR THE OPERATOR
 1.35.45 JOB   76  PRG02      ASMSTP    GO        LOADER    RC= 0000
 1.35.45 JOB   76  IEF404I PRG02 - ENDED - TIME=01.35.45
 1.35.45 JOB   76  $HASP395 PRG02    ENDED


------ JES2 JOB STATISTICS ------


 30 APR 24 JOB EXECUTION DATE


        18 CARDS READ


       165 SYSOUT PRINT RECORDS


         4 SYSOUT PUNCH RECORDS


      0.00 MINUTES EXECUTION TIME
    1     //PRG02   JOB CLASS=A,MSGCLASS=Z,                                       JOB   76
          //            USER=HERC01,PASSWORD=         GENERATED BY IKJEFF10
    2     //ASMSTP  EXEC ASMFCG PARM.ASM=(OBJ,NODECK)                             00000200
    3     XXASMFCG   PROC MAC='SYS1.MACLIB',MAC1='SYS1.MACLIB',                   00000100
          XX         MAC2='SYS1.MACLIB',MAC3='SYS1.MACLIB',SOUT='*'               00000200
    4     XXASM      EXEC PGM=IFOX00,PARM=OBJ,REGION=128K                         00000300
    5     XXSYSLIB   DD   DSN=&MAC,DISP=SHR                                       00000400
    6     XX         DD   DSN=&MAC1,DISP=SHR                                      00000500
    7     XX         DD   DSN=&MAC2,DISP=SHR                                      00000600
    8     XX         DD   DSN=&MAC3,DISP=SHR                                      00000700
    9     XXSYSUT1   DD   DSN=&&SYSUT1,UNIT=SYSSQ,SPACE=(1700,(600,100)),         00000800
          XX             SEP=(SYSLIB)                                             00000900
   10     XXSYSUT2   DD   DSN=&&SYSUT2,UNIT=SYSSQ,SPACE=(1700,(300,50)),          00001000
          XX             SEP=(SYSLIB,SYSUT1)                                      00001100
   11     XXSYSUT3   DD   DSN=&&SYSUT3,UNIT=SYSSQ,SPACE=(1700,(300,50))           00001200
   12     XXSYSPRINT DD   SYSOUT=&SOUT,DCB=BLKSIZE=1089                           00001300
   13     XXSYSPUNCH DD   SYSOUT=B                                                00001400
   14     XXSYSGO    DD   DSN=&&OBJSET,UNIT=SYSSQ,SPACE=(80,(200,50)),            00001500
          XX             DISP=(MOD,PASS)                                          00001600
   15     //ASM.SYSIN    DD *                                                     00000300
   16     XXGO       EXEC PGM=LOADER,PARM='MAP,PRINT,NOCALL,LET',                 00001700
          XX             COND=(8,LT,ASM)                                          00001800
   17     XXSYSLIN   DD   DSN=&&OBJSET,DISP=(OLD,DELETE)                          00001900
   18     XXSYSLOUT  DD   SYSOUT=&SOUT                                            00002000
 STMT NO. MESSAGE
-
    5     IEF653I SUBSTITUTION JCL - DSN=SYS1.MACLIB,DISP=SHR
    6     IEF653I SUBSTITUTION JCL - DSN=SYS1.MACLIB,DISP=SHR
    7     IEF653I SUBSTITUTION JCL - DSN=SYS1.MACLIB,DISP=SHR
    8     IEF653I SUBSTITUTION JCL - DSN=SYS1.MACLIB,DISP=SHR
   12     IEF653I SUBSTITUTION JCL - SYSOUT=*,DCB=BLKSIZE=1089
   18     IEF653I SUBSTITUTION JCL - SYSOUT=*
IEF236I ALLOC. FOR PRG02 ASM ASMSTP
IEF237I 390  ALLOCATED TO SYSLIB
IEF237I 390  ALLOCATED TO
IEF237I 390  ALLOCATED TO
IEF237I 390  ALLOCATED TO
IEF237I 290  ALLOCATED TO SYSUT1
IEF237I 293  ALLOCATED TO SYSUT2
IEF237I 291  ALLOCATED TO SYSUT3
IEF237I JES2 ALLOCATED TO SYSPRINT
IEF237I JES2 ALLOCATED TO SYSPUNCH
IEF237I 292  ALLOCATED TO SYSGO
IEF237I JES2 ALLOCATED TO SYSIN
IEF142I PRG02 ASM ASMSTP - STEP WAS EXECUTED - COND CODE 0000
IEF285I   SYS1.MACLIB                                  KEPT          *--------9
IEF285I   VOL SER NOS= TK5RES.
IEF285I   SYS1.MACLIB                                  KEPT          *--------0
IEF285I   VOL SER NOS= TK5RES.
IEF285I   SYS1.MACLIB                                  KEPT          *--------0
IEF285I   VOL SER NOS= TK5RES.
IEF285I   SYS1.MACLIB                                  KEPT          *--------0
IEF285I   VOL SER NOS= TK5RES.
IEF285I   SYS24121.T013545.RA000.PRG02.SYSUT1          DELETED       *-------64
IEF285I   VOL SER NOS= WORK01.
IEF285I   SYS24121.T013545.RA000.PRG02.SYSUT2          DELETED       *-------16
IEF285I   VOL SER NOS= WORK04.
IEF285I   SYS24121.T013545.RA000.PRG02.SYSUT3          DELETED       *--------8
IEF285I   VOL SER NOS= WORK02.
IEF285I   JES2.JOB00076.SO0102                         SYSOUT
IEF285I   JES2.JOB00076.SO0103                         SYSOUT
IEF285I   SYS24121.T013545.RA000.PRG02.OBJSET          PASSED        *--------4
IEF285I   VOL SER NOS= WORK03.
IEF285I   JES2.JOB00076.SI0101                         SYSIN
IEF373I STEP /ASM     / START 24121.0135
IEF374I STEP /ASM     / STOP  24121.0135 CPU    0MIN 00.13SEC SRB    0MIN 00.01SEC VIRT   128K SYS   204K
************************************************************************************************************************************
*     1. Jobstep of job: PRG02       Stepname: ASM         Program name: IFOX00     Executed on 30.04.24 from 01.35.45 to 01.35.45 *
*         elapsed time  00:00:00,25                      CPU-Identifier:  TK5R           Page-in:      0                           *
*             CPU time  00:00:00,14               Virtual Storage used:    128K         Page-out:      0                           *
*           corr. CPU:  00:00:00,14   CPU time has been corrected by  1 / 1,0  multiplier                                          *
*                                                                                                                                  *
*     I/O Operation                                                                                                                *
*     Number of records read via DD * or DD DATA:     13                                                                           *
*     390.......9 390.......0 390.......0 390.......0 290......64 293......16 291.......8 DMY.......0 DMY.......0 292.......4      *
*     DMY.......0                                                                                                                  *
*                                                                                                                                  *
*                                          Charge for step (w/o SYSOUT):          0,23                                             *
************************************************************************************************************************************
IEF236I ALLOC. FOR PRG02 GO ASMSTP
IEF237I 292  ALLOCATED TO SYSLIN
IEF237I JES2 ALLOCATED TO SYSLOUT
MESSAGE FOR THE OPERATOR
IEF142I PRG02 GO ASMSTP - STEP WAS EXECUTED - COND CODE 0000
IEF285I   SYS24121.T013545.RA000.PRG02.OBJSET          DELETED       *--------5
IEF285I   VOL SER NOS= WORK03.
IEF285I   JES2.JOB00076.SO0104                         SYSOUT
IEF373I STEP /GO      / START 24121.0135
IEF374I STEP /GO      / STOP  24121.0135 CPU    0MIN 00.01SEC SRB    0MIN 00.00SEC VIRT   332K SYS   160K
************************************************************************************************************************************
*     2. Jobstep of job: PRG02       Stepname: GO          Program name: LOADER     Executed on 30.04.24 from 01.35.45 to 01.35.45 *
*         elapsed time  00:00:00,02                      CPU-Identifier:  TK5R           Page-in:      0                           *
*             CPU time  00:00:00,01               Virtual Storage used:    332K         Page-out:      0                           *
*           corr. CPU:  00:00:00,01   CPU time has been corrected by  1 / 1,0  multiplier                                          *
*                                                                                                                                  *
*     I/O Operation                                                                                                                *
*     Number of records read via DD * or DD DATA:      0                                                                           *
*     292.......5 DMY.......0                                                                                                      *
*                                                                                                                                  *
*                                          Charge for step (w/o SYSOUT):          0,01                                             *
************************************************************************************************************************************
IEF375I  JOB /PRG02   / START 24121.0135
IEF376I  JOB /PRG02   / STOP  24121.0135 CPU    0MIN 00.14SEC SRB    0MIN 00.01SEC
                                               EXTERNAL SYMBOL DICTIONARY                                      PAGE    1


SYMBOL   TYPE  ID   ADDR  LENGTH LDID                                                            ASM 0201 01.35 04/30/24

BEGIN     SD  0001 000000 000084                                                                                                               PAGE    2


  LOC  OBJECT CODE    ADDR1 ADDR2  STMT   SOURCE STATEMENT                                       ASM 0201 01.35 04/30/24

                                      1          PRINT GEN                                                      00000400
000000                                2 BEGIN    CSECT                                                          00000500
000000 90EC D00C      0000C           3          STM   14,12,12(13)   SAVE CALLER'S REGISTERS                   00000600
000004 05C0                           4          BALR  12,0           SET BASE REGISTER'S VALUE                 00000700
                            00006     5          USING *,12                                                     00000800
000006 50D0 C03A      00040           6          ST    13,SAVE+4      SAVE CALLER'S SAVE AREA ADDRESS           00000900
                                      7          WTO   'MESSAGE FOR THE OPERATOR'                               00001000
00000A 0700                           8+         CNOP  0,4                                                      00049300
00000C 4510 C026      0002C           9+         BAL   1,IHB0001A                                               00049400
000010 001C                          10+         DC    AL2(28)                 TEXT LENGTH                      00058600
000012 0000                          11+         DC    B'0000000000000000'                                     X00058700
                                       +                                                                       X00058800
                                       +                                       MCS FLAGS                        00058900
000014 D4C5E2E2C1C7C540              12+         DC    C'MESSAGE FOR THE OPERATOR' MESSAGE TEXT                 00059100
00002C                               13+IHB0001A DS    0H                                                       00064300
00002C 0A23                          14+         SVC   035                                                      00064600
00002E 58D0 C03A      00040          15          L     13,SAVE+4      GET CALLER'S SAVE AREA ADDRESS            00001100
000032 98EC D00C      0000C          16          LM    14,12,12(13)   RESTORE THE CALLER'S REGISTERS            00001200
000036 17FF                          17          XR    15,15          RC=0                                      00001300
000038 07FE                          18          BR    14             RETURN                                    00001400
00003C                               19 SAVE     DS    18F            SAVE AREA STORAGE                         00001500
000000                               20          END   BEGIN                                                    00001600                                                  CROSS-REFERENCE                                              PAGE    3


SYMBOL    LEN   VALUE   DEFN    REFERENCES                                                       ASM 0201 01.35 04/30/24

BEGIN    00001 00000000 00002  00020
IHB0001A 00002 0000002C 00013  00009
SAVE     00004 0000003C 00019  00006 00015                                                  ASSEMBLER DIAGNOSTICS AND STATISTICS                         PAGE    4


                                                                                                 ASM 0201 01.35 04/30/24

NO STATEMENTS FLAGGED IN THIS ASSEMBLY
HIGHEST SEVERITY WAS    0
OPTIONS FOR THIS ASSEMBLY
  ALIGN, ALOGIC, BUFSIZE(STD), DECK, ESD, FLAG(0), LINECOUNT(55), LIST, NOMCALL, YFLAG, WORKSIZE(2097152)
  NOMLOGIC, NONUMBER, OBJECT, NORENT, RLD, NOSTMT, NOLIBMAC, NOTERMINAL, NOTEST, XREF(SHORT)
  SYSPARM()
WORK FILE BUFFER SIZE/NUMBER = 7678/ 1
TOTAL RECORDS READ FROM SYSTEM INPUT         13
TOTAL RECORDS READ FROM SYSTEM LIBRARY     1468
TOTAL RECORDS PUNCHED                         4
TOTAL RECORDS PRINTED                        45                                                      VS LOADER

OPTIONS USED - PRINT,MAP,LET,NOCALL,NORES,NOTERM,SIZE=307200,NAME=**GO


     NAME  TYPE  ADDR        NAME  TYPE  ADDR        NAME  TYPE  ADDR        NAME  TYPE  ADDR        NAME  TYPE  ADDR

  BEGIN      SD  AC010

  TOTAL LENGTH       88
  ENTRY ADDRESS   AC010
                                      PPPPPPPPPPP   RRRRRRRRRRR    GGGGGGGGGG     00000000     2222222222
                                     PPPPPPPPPPPP  RRRRRRRRRRRR  GGGGGGGGGGGG   0000000000   222222222222
                                    PP        PP  RR        RR  GG        GG  00      0000  22        22
                                   PP        PP  RR        RR  GG            00     00 00            22
                                  PP        PP  RR        RR  GG            00    00  00            22
                                 PPPPPPPPPPPP  RRRRRRRRRRRR  GG            00   00   00           22
                                PPPPPPPPPPP   RRRRRRRRRRR   GG     GGGGG  00  00    00         22
                               PP            RR    RR      GG     GGGGG  00 00     00       22
                              PP            RR     RR     GG        GG  0000      00     22
                             PP            RR      RR    GG        GG  000       00   22
                            PP            RR       RR   GGGGGGGGGGGG   0000000000   222222222222
                           PP            RR        RR   GGGGGGGGGG     00000000    222222222222



                    JJJJJJJJJJ  777777777777   6666666666                                             ZZZZZZZZZZZZ
                    JJJJJJJJJJ  77777777777   666666666666                                            ZZZZZZZZZZZZ
                        JJ      77      77    66        66                                                     ZZ
                        JJ             77     66                                                              ZZ
                        JJ            77      66                                                             ZZ
                        JJ           77       66666666666                                                ZZZZZZZ
                        JJ           77       666666666666                                               ZZZZZZZ
                        JJ           77       66        66                                                ZZ
                  JJ    JJ           77       66        66                                               ZZ
                  JJ    JJ           77       66        66                                              ZZ
                  JJJJJJJJ           77       666666666666                                             ZZZZZZZZZZZ
                   JJJJJJ            77        6666666666                                             ZZZZZZZZZZZZ


****Z   END   JOB   76  PRG02                           ROOM        1.35.45 AM 30 APR 24  PRINTER2  SYS TK5R  JOB   76   END   Z****
****Z   END   JOB   76  PRG02                           ROOM        1.35.45 AM 30 APR 24  PRINTER2  SYS TK5R  JOB   76   END   Z****
****Z   END   JOB   76  PRG02                           ROOM        1.35.45 AM 30 APR 24  PRINTER2  SYS TK5R  JOB   76   END   Z****
****Z   END   JOB   76  PRG02                           ROOM        1.35.45 AM 30 APR 24  PRINTER2  SYS TK5R  JOB   76   END   Z****

