                              TTTTTTTTTTTT  SSSSSSSSSSSS  OOOOOOOOOOOO  MMM      MMM  SSSSSSSSSSSS  GGGGGGGGGGGG
                                  TT       SS        SS  OO        OO  MMMM    MMMM  SS        SS  GG        GG
                                 TT       SS            OO        OO  MM MM  MM MM  SS            GG
                                TT       SSS           OO        OO  MM  MMMM  MM  SSS           GG
                               TT        SSSSSSSSS    OO        OO  MM   MM   MM   SSSSSSSSS    GG
                              TT         SSSSSSSSS   OO        OO  MM        MM    SSSSSSSSS   GG     GGGGG
                             TT                SSS  OO        OO  MM        MM           SSS  GG     GGGGG
                            TT                 SS  OO        OO  MM        MM            SS  GG        GG
                           TT       SS        SS  OO        OO  MM        MM  SS        SS  GG        GG
                          TT       SSSSSSSSSSSS  OOOOOOOOOOOO  MM        MM  SSSSSSSSSSSS  GGGGGGGGGGGG
                         TT        SSSSSSSSSS   OOOOOOOOOOOO  MM        MM   SSSSSSSSSS    GGGGGGGGGG



                    JJJJJJJJJJ   3333333333        11        9999999999                               ZZZZZZZZZZZZ
                    JJJJJJJJJJ  333333333333      111       999999999999                              ZZZZZZZZZZZZ
                        JJ      33        33     1111       99        99                                       ZZ
                        JJ                33       11       99        99                                      ZZ
                        JJ                33       11       99        99                                     ZZ
                        JJ             3333        11       999999999999                                 ZZZZZZZ
                        JJ             3333        11       999999999999                                 ZZZZZZZ
                        JJ                33       11                 99                                  ZZ
                  JJ    JJ                33       11                 99                                 ZZ
                  JJ    JJ      33        33       11       99        99                                ZZ
                  JJJJJJJJ      333333333333   1111111111   999999999999                               ZZZZZZZZZZZ
                   JJJJJJ        3333333333    1111111111    9999999999                               ZZZZZZZZZZZZ


****Z  START  JOB  319  TSOMSG                          ROOM        8.41.27 PM 28 MAY 24  PRINTER2  SYS TK5R  JOB  319  START  Z****
****Z  START  JOB  319  TSOMSG                          ROOM        8.41.27 PM 28 MAY 24  PRINTER2  SYS TK5R  JOB  319  START  Z****
****Z  START  JOB  319  TSOMSG                          ROOM        8.41.27 PM 28 MAY 24  PRINTER2  SYS TK5R  JOB  319  START  Z****
****Z  START  JOB  319  TSOMSG                          ROOM        8.41.27 PM 28 MAY 24  PRINTER2  SYS TK5R  JOB  319  START  Z****
                                                J E S 2   J O B   L O G


20.41.27 JOB  319  IEF677I WARNING MESSAGE(S) FOR JOB TSOMSG   ISSUED
20.41.27 JOB  319  $HASP373 TSOMSG   STARTED - INIT  1 - CLASS A - SYS TK5R
20.41.27 JOB  319  IEF403I TSOMSG - STARTED - TIME=20.41.27
20.41.27 JOB  319  IEFACTRT - Stepname  Procstep  Program   Retcode
20.41.27 JOB  319  TSOMSG     DELSTP              IDCAMS    RC= 0000
20.41.27 JOB  319  TSOMSG     ASM       ASM       IFOX00    RC= 0000
20.41.27 JOB  319  TSOMSG     ASM       LKED      IEWL      RC= 0000
20.41.27 JOB  319  IEF404I TSOMSG - ENDED - TIME=20.41.27
20.41.27 JOB  319  $HASP395 TSOMSG   ENDED


------ JES2 JOB STATISTICS ------


 28 MAY 24 JOB EXECUTION DATE


        15 CARDS READ


       244 SYSOUT PRINT RECORDS


         6 SYSOUT PUNCH RECORDS


      0.00 MINUTES EXECUTION TIME
    1     //TSOMSG  JOB REGION=1024K,CLASS=A,MSGCLASS=Z,                          JOB  319
          //            USER=HERC01,PASSWORD=         GENERATED BY IKJEFF10
          ***                                                                     00000231
          *** DELETE TSOMSG MEMBER                                                00000331
          ***                                                                     00000431
    2     //DELSTP  EXEC PGM=IDCAMS                                               00000533
    3     //SYSPRINT DD  SYSOUT=*                                                 00000631
    4     //SYSIN    DD  *                                                        00000731
          ***                                                                     00001031
    5     //ASM     EXEC ASMFCL,                                                  00001129
          // MAC1='SYS1.AMODGEN',MAC2='HERC01.MYMACLIB'                           00001224
    6     XXASMFCL   PROC MAC='SYS1.MACLIB',MAC1='SYS1.MACLIB',                   00000100
          XX         MAC2='SYS1.MACLIB',MAC3='SYS1.MACLIB',SOUT='*'               00000200
    7     XXASM      EXEC PGM=IFOX00,PARM=OBJ,REGION=128K                         00000300
    8     XXSYSLIB   DD   DSN=&MAC,DISP=SHR                                       00000400
    9     XX         DD   DSN=&MAC1,DISP=SHR                                      00000500
   10     XX         DD   DSN=&MAC2,DISP=SHR                                      00000600
   11     XX         DD   DSN=&MAC3,DISP=SHR                                      00000700
   12     XXSYSUT1   DD   DSN=&&SYSUT1,UNIT=SYSSQ,SPACE=(1700,(600,100)),         00000800
          XX             SEP=(SYSLIB)                                             00000900
   13     XXSYSUT2   DD   DSN=&&SYSUT2,UNIT=SYSSQ,SPACE=(1700,(300,50)),          00001000
          XX             SEP=(SYSLIB,SYSUT1)                                      00001100
   14     XXSYSUT3   DD   DSN=&&SYSUT3,UNIT=SYSSQ,SPACE=(1700,(300,50))           00001200
   15     XXSYSPRINT DD   SYSOUT=&SOUT,DCB=BLKSIZE=1089                           00001300
   16     XXSYSPUNCH DD   SYSOUT=B                                                00001400
   17     XXSYSGO    DD   DSN=&&OBJSET,UNIT=SYSSQ,SPACE=(80,(200,50)),            00001500
          XX             DISP=(MOD,PASS)                                          00001600
   18     //ASM.SYSIN DD  DSN=HERC01.GITCODE.ASM(TSOMSG),DISP=OLD                 00001312
   19     XXLKED     EXEC PGM=IEWL,PARM=(XREF,LET,LIST,NCAL),REGION=128K,         00001700
          XX             COND=(8,LT,ASM)                                          00001800
   20     XXSYSLIN   DD   DSN=&&OBJSET,DISP=(OLD,DELETE)                          00001900
   21     XX         DD   DDNAME=SYSIN                                            00002000
   22     //LKED.SYSLMOD DD  DSN=HERC01.PRGLIB.LOAD(TSOMSG),DISP=MOD              00001430
          X/SYSLMOD  DD   DSN=&&GOSET(GO),UNIT=SYSDA,SPACE=(1024,(50,20,1)),      00002100
          XX             DISP=(MOD,PASS)                                          00002200
   23     XXSYSUT1   DD   DSN=&&SYSUT1,UNIT=(SYSDA,SEP=(SYSLIN,SYSLMOD)),         00002300
          XX             SPACE=(1024,(50,20))                                     00002400
   24     XXSYSPRINT DD   SYSOUT=&SOUT                                            00002500
 STMT NO. MESSAGE
-
    8     IEF653I SUBSTITUTION JCL - DSN=SYS1.MACLIB,DISP=SHR
    9     IEF653I SUBSTITUTION JCL - DSN=SYS1.AMODGEN,DISP=SHR
   10     IEF653I SUBSTITUTION JCL - DSN=HERC01.MYMACLIB,DISP=SHR
   11     IEF653I SUBSTITUTION JCL - DSN=SYS1.MACLIB,DISP=SHR
   15     IEF653I SUBSTITUTION JCL - SYSOUT=*,DCB=BLKSIZE=1089
   24     IEF653I SUBSTITUTION JCL - SYSOUT=*
   24     IEF686I DDNAME REFERRED TO ON DDNAME KEYWORD IN PRIOR STEP WAS NOT RESOLVED
IEF236I ALLOC. FOR TSOMSG DELSTP
IEF237I JES2 ALLOCATED TO SYSPRINT
IEF237I JES2 ALLOCATED TO SYSIN
IEF237I 190  ALLOCATED TO SYS00002
IEF237I 251  ALLOCATED TO SYS00001
IEF285I   HERC01.PRGLIB.LOAD                           KEPT          *--------2
IEF285I   VOL SER NOS= STG251.
IEF142I TSOMSG DELSTP - STEP WAS EXECUTED - COND CODE 0000
IEF285I   JES2.JOB00319.SO0102                         SYSOUT
IEF285I   JES2.JOB00319.SI0101                         SYSIN
IEF285I   SYS1.UCAT.TSO                                KEPT          *--------0
IEF285I   VOL SER NOS= TSO001.
IEF373I STEP /DELSTP  / START 24149.2041
IEF374I STEP /DELSTP  / STOP  24149.2041 CPU    0MIN 00.04SEC SRB    0MIN 00.00SEC VIRT   192K SYS   228K
************************************************************************************************************************************
*     1. Jobstep of job: TSOMSG      Stepname: DELSTP      Program name: IDCAMS     Executed on 28.05.24 from 20.41.27 to 20.41.27 *
*         elapsed time  00:00:00,10                      CPU-Identifier:  TK5R           Page-in:      0                           *
*             CPU time  00:00:00,04               Virtual Storage used:    192K         Page-out:      0                           *
*           corr. CPU:  00:00:00,04   CPU time has been corrected by  1 / 1,0  multiplier                                          *
*                                                                                                                                  *
*     I/O Operation                                                                                                                *
*     Number of records read via DD * or DD DATA:      1                                                                           *
*     DMY.......0 DMY.......0 190.......0                                                                                          *
*                                                                                                                                  *
*                                          Charge for step (w/o SYSOUT):          0,06                                             *
************************************************************************************************************************************
IEF236I ALLOC. FOR TSOMSG ASM ASM
IEF237I 390  ALLOCATED TO SYSLIB
IEF237I 392  ALLOCATED TO
IEF237I 253  ALLOCATED TO
IEF237I 390  ALLOCATED TO
IEF237I 190  ALLOCATED TO SYS00014
IEF237I 293  ALLOCATED TO SYSUT1
IEF237I 292  ALLOCATED TO SYSUT2
IEF237I 291  ALLOCATED TO SYSUT3
IEF237I JES2 ALLOCATED TO SYSPRINT
IEF237I JES2 ALLOCATED TO SYSPUNCH
IEF237I 290  ALLOCATED TO SYSGO
IEF237I 253  ALLOCATED TO SYSIN
IEF142I TSOMSG ASM ASM - STEP WAS EXECUTED - COND CODE 0000
IEF285I   SYS1.MACLIB                                  KEPT          *-------13
IEF285I   VOL SER NOS= TK5RES.
IEF285I   SYS1.AMODGEN                                 KEPT          *--------1
IEF285I   VOL SER NOS= TK5DLB.
IEF285I   HERC01.MYMACLIB                              KEPT          *--------2
IEF285I   VOL SER NOS= STG253.
IEF285I   SYS1.MACLIB                                  KEPT          *--------0
IEF285I   VOL SER NOS= TK5RES.
IEF285I   SYS1.UCAT.TSO                                KEPT          *--------0
IEF285I   VOL SER NOS= TSO001.
IEF285I   SYS24149.T204127.RA000.TSOMSG.SYSUT1         DELETED       *-------46
IEF285I   VOL SER NOS= WORK04.
IEF285I   SYS24149.T204127.RA000.TSOMSG.SYSUT2         DELETED       *--------9
IEF285I   VOL SER NOS= WORK03.
IEF285I   SYS24149.T204127.RA000.TSOMSG.SYSUT3         DELETED       *--------8
IEF285I   VOL SER NOS= WORK02.
IEF285I   JES2.JOB00319.SO0103                         SYSOUT
IEF285I   JES2.JOB00319.SO0104                         SYSOUT
IEF285I   SYS24149.T204127.RA000.TSOMSG.OBJSET         PASSED        *--------6
IEF285I   VOL SER NOS= WORK01.
IEF285I   HERC01.GITCODE.ASM                           KEPT          *--------2
IEF285I   VOL SER NOS= STG253.
IEF373I STEP /ASM     / START 24149.2041
IEF374I STEP /ASM     / STOP  24149.2041 CPU    0MIN 00.14SEC SRB    0MIN 00.01SEC VIRT  1024K SYS   212K
************************************************************************************************************************************
*     2. Jobstep of job: TSOMSG      Stepname: ASM         Program name: IFOX00     Executed on 28.05.24 from 20.41.27 to 20.41.27 *
*         elapsed time  00:00:00,25                      CPU-Identifier:  TK5R           Page-in:      0                           *
*             CPU time  00:00:00,15               Virtual Storage used:   1024K         Page-out:      0                           *
*           corr. CPU:  00:00:00,15   CPU time has been corrected by  1 / 1,0  multiplier                                          *
*                                                                                                                                  *
*     I/O Operation                                                                                                                *
*     Number of records read via DD * or DD DATA:      0                                                                           *
*     390......13 392.......1 253.......2 390.......0 190.......0 293......46 292.......9 291.......8 DMY.......0 DMY.......0      *
*     290.......6 253.......2                                                                                                      *
*                                                                                                                                  *
*                                          Charge for step (w/o SYSOUT):          0,25                                             *
************************************************************************************************************************************
IEF236I ALLOC. FOR TSOMSG LKED ASM
IEF237I 290  ALLOCATED TO SYSLIN
IEF237I DMY  ALLOCATED TO
IEF237I 251  ALLOCATED TO SYSLMOD
IEF237I 190  ALLOCATED TO SYS00016
IEF237I 292  ALLOCATED TO SYSUT1
IEF237I JES2 ALLOCATED TO SYSPRINT
IEF142I TSOMSG LKED ASM - STEP WAS EXECUTED - COND CODE 0000
IEF285I   SYS24149.T204127.RA000.TSOMSG.OBJSET         DELETED       *--------7
IEF285I   VOL SER NOS= WORK01.
IEF285I   HERC01.PRGLIB.LOAD                           KEPT          *--------9
IEF285I   VOL SER NOS= STG251.
IEF285I   SYS1.UCAT.TSO                                KEPT          *--------0
IEF285I   VOL SER NOS= TSO001.
IEF285I   SYS24149.T204127.RA000.TSOMSG.SYSUT1         DELETED       *--------0
IEF285I   VOL SER NOS= WORK03.
IEF285I   JES2.JOB00319.SO0105                         SYSOUT
IEF373I STEP /LKED    / START 24149.2041
IEF374I STEP /LKED    / STOP  24149.2041 CPU    0MIN 00.02SEC SRB    0MIN 00.00SEC VIRT   260K SYS   204K
************************************************************************************************************************************
*     3. Jobstep of job: TSOMSG      Stepname: LKED        Program name: IEWL       Executed on 28.05.24 from 20.41.27 to 20.41.27 *
*         elapsed time  00:00:00,07                      CPU-Identifier:  TK5R           Page-in:      0                           *
*             CPU time  00:00:00,02               Virtual Storage used:    260K         Page-out:      0                           *
*           corr. CPU:  00:00:00,02   CPU time has been corrected by  1 / 1,0  multiplier                                          *
*                                                                                                                                  *
*     I/O Operation                                                                                                                *
*     Number of records read via DD * or DD DATA:      0                                                                           *
*     290.......7 DMY.......0 251.......9 190.......0 292.......0 DMY.......0                                                      *
*                                                                                                                                  *
*                                          Charge for step (w/o SYSOUT):          0,03                                             *
************************************************************************************************************************************
IEF375I  JOB /TSOMSG  / START 24149.2041
IEF376I  JOB /TSOMSG  / STOP  24149.2041 CPU    0MIN 00.20SEC SRB    0MIN 00.01SEC
IDCAMS  SYSTEM SERVICES                                           TIME: 20:41:27        05/28/24     PAGE   1


  DELETE HERC01.PRGLIB.LOAD(TSOMSG)                                     00000831

IDC0549I MEMBER TSOMSG DELETED

IDC0001I FUNCTION COMPLETED, HIGHEST CONDITION CODE WAS 0



IDC0002I IDCAMS PROCESSING COMPLETE. MAXIMUM CONDITION CODE WAS 0                                               EXTERNAL SYMBOL DICTIONARY                                      PAGE    1


SYMBOL   TYPE  ID   ADDR  LENGTH LDID                                                            ASM 0201 20.41 05/28/24

          PC  0001 000000 000000
TSOSEG    SD  0002 000000 0000D4                                                                                                               PAGE    2


  LOC  OBJECT CODE    ADDR1 ADDR2  STMT   SOURCE STATEMENT                                       ASM 0201 20.41 05/28/24

                                      1            PRINT    NOGEN
                                      2            REGISTER             * REGISTER DEFINES FROM MYMACLIB
000000                               19 TSOSEG     CSECT
                                     20            SAVE     (14,12)
000004 0DC0                          23            BASR     R12,R0      * ESTABLISH BASE REGISTER
                            00006    24            USING    *,R12
000006 50D0 C03A      00040          25            ST       R13,SAVE+4
                                     26 *
00000A 1821                          27            LR       2,1         * SAVE ADDRESS OF THE CPPL
                            00000    28            USING    CPPL,2
00000C 5830 2004      00004          29            L        3,CPPLUPT   * GET UPT ADDRESS
000010 5840 200C      0000C          30            L        4,CPPLECT   * GET ECT ADDRESS
                                     31 *
                                     32            TPUT     MSG1,L'MSG1
                                     43 *
00002C 58D0 C03A      00040          44            L        R13,SAVE+4
                                     45            RETURN   (14,12),RC=0
                                     49 *
00003C                               50 SAVE       DS       18F
                                     51 *
000084 60606040E3D7E4E3              52 MSG1       DC       CL80'--- TPUT     MESSAGE ---'
                                     53 *
                                     54            IKJCPPL              * CPPL DSECT
                                     65            END                                                  CROSS-REFERENCE                                              PAGE    3


SYMBOL    LEN   VALUE   DEFN    REFERENCES                                                       ASM 0201 20.41 05/28/24

CPPL     00001 00000000 00059  00028
CPPLECT  00004 0000000C 00063  00030
CPPLUPT  00004 00000004 00061  00029
MSG1     00080 00000084 00052  00036 00039
R0       00001 00000000 00003  00023
R12      00001 0000000C 00015  00023 00024
R13      00001 0000000D 00016  00025 00044
SAVE     00004 0000003C 00050  00025 00044                                                  ASSEMBLER DIAGNOSTICS AND STATISTICS                         PAGE    4


                                                                                                 ASM 0201 20.41 05/28/24

NO STATEMENTS FLAGGED IN THIS ASSEMBLY
HIGHEST SEVERITY WAS    0
OPTIONS FOR THIS ASSEMBLY
  ALIGN, ALOGIC, BUFSIZE(STD), DECK, ESD, FLAG(0), LINECOUNT(55), LIST, NOMCALL, YFLAG, WORKSIZE(2097152)
  NOMLOGIC, NONUMBER, OBJECT, NORENT, RLD, NOSTMT, NOLIBMAC, NOTERMINAL, NOTEST, XREF(SHORT)
  SYSPARM()
WORK FILE BUFFER SIZE/NUMBER =32758/ 1
TOTAL RECORDS READ FROM SYSTEM INPUT         24
TOTAL RECORDS READ FROM SYSTEM LIBRARY     1285
TOTAL RECORDS PUNCHED                         6
TOTAL RECORDS PRINTED                        53
 F64-LEVEL LINKAGE EDITOR OPTIONS SPECIFIED XREF,LET,LIST,NCAL
          DEFAULT OPTION(S) USED -  SIZE=(231424,65536)



                                                CROSS REFERENCE TABLE


  CONTROL SECTION                       ENTRY

    NAME    ORIGIN  LENGTH                NAME   LOCATION     NAME   LOCATION     NAME   LOCATION     NAME   LOCATION
  TSOSEG        00      D4


 ENTRY ADDRESS       00

 TOTAL LENGTH        D8
****TSOMSG    NOW ADDED TO DATA SET
AUTHORIZATION CODE IS         0.
                               TTTTTTTTTTTT   SSSSSSSSSS   OOOOOOOOOOOO  MM        MM   SSSSSSSSSS    GGGGGGGGGG
                              TTTTTTTTTTTT  SSSSSSSSSSSS  OOOOOOOOOOOO  MMM      MMM  SSSSSSSSSSSS  GGGGGGGGGGGG
                                  TT       SS        SS  OO        OO  MMMM    MMMM  SS        SS  GG        GG
                                 TT       SS            OO        OO  MM MM  MM MM  SS            GG
                                TT       SSS           OO        OO  MM  MMMM  MM  SSS           GG
                               TT        SSSSSSSSS    OO        OO  MM   MM   MM   SSSSSSSSS    GG
                              TT         SSSSSSSSS   OO        OO  MM        MM    SSSSSSSSS   GG     GGGGG
                             TT                SSS  OO        OO  MM        MM           SSS  GG     GGGGG
                            TT                 SS  OO        OO  MM        MM            SS  GG        GG
                           TT       SS        SS  OO        OO  MM        MM  SS        SS  GG        GG
                          TT       SSSSSSSSSSSS  OOOOOOOOOOOO  MM        MM  SSSSSSSSSSSS  GGGGGGGGGGGG
                         TT        SSSSSSSSSS   OOOOOOOOOOOO  MM        MM   SSSSSSSSSS    GGGGGGGGGG



                    JJJJJJJJJJ   3333333333        11        9999999999                               ZZZZZZZZZZZZ
                    JJJJJJJJJJ  333333333333      111       999999999999                              ZZZZZZZZZZZZ
                        JJ      33        33     1111       99        99                                       ZZ
                        JJ                33       11       99        99                                      ZZ
                        JJ                33       11       99        99                                     ZZ
                        JJ             3333        11       999999999999                                 ZZZZZZZ
                        JJ             3333        11       999999999999                                 ZZZZZZZ
                        JJ                33       11                 99                                  ZZ
                  JJ    JJ                33       11                 99                                 ZZ
                  JJ    JJ      33        33       11       99        99                                ZZ
                  JJJJJJJJ      333333333333   1111111111   999999999999                               ZZZZZZZZZZZ
                   JJJJJJ        3333333333    1111111111    9999999999                               ZZZZZZZZZZZZ


****Z   END   JOB  319  TSOMSG                          ROOM        8.41.27 PM 28 MAY 24  PRINTER2  SYS TK5R  JOB  319   END   Z****
****Z   END   JOB  319  TSOMSG                          ROOM        8.41.27 PM 28 MAY 24  PRINTER2  SYS TK5R  JOB  319   END   Z****
****Z   END   JOB  319  TSOMSG                          ROOM        8.41.27 PM 28 MAY 24  PRINTER2  SYS TK5R  JOB  319   END   Z****
****Z   END   JOB  319  TSOMSG                          ROOM        8.41.27 PM 28 MAY 24  PRINTER2  SYS TK5R  JOB  319   END   Z****

