                                     PPPPPPPPPPPP  RRRRRRRRRRRR  GGGGGGGGGGGG   0000000000       111
                                    PP        PP  RR        RR  GG        GG  00      0000     1111
                                   PP        PP  RR        RR  GG            00     00 00       11
                                  PP        PP  RR        RR  GG            00    00  00       11
                                 PPPPPPPPPPPP  RRRRRRRRRRRR  GG            00   00   00       11
                                PPPPPPPPPPP   RRRRRRRRRRR   GG     GGGGG  00  00    00       11
                               PP            RR    RR      GG     GGGGG  00 00     00       11
                              PP            RR     RR     GG        GG  0000      00       11
                             PP            RR      RR    GG        GG  000       00       11
                            PP            RR       RR   GGGGGGGGGGGG   0000000000    1111111111
                           PP            RR        RR   GGGGGGGGGG     00000000     1111111111



                    JJJJJJJJJJ  777777777777  555555555555                                            ZZZZZZZZZZZZ
                    JJJJJJJJJJ  77777777777   555555555555                                            ZZZZZZZZZZZZ
                        JJ      77      77    55                                                               ZZ
                        JJ             77     55                                                              ZZ
                        JJ            77      55                                                             ZZ
                        JJ           77       555555555                                                  ZZZZZZZ
                        JJ           77       5555555555                                                 ZZZZZZZ
                        JJ           77                55                                                 ZZ
                  JJ    JJ           77                 55                                               ZZ
                  JJ    JJ           77                 55                                              ZZ
                  JJJJJJJJ           77       555555555555                                             ZZZZZZZZZZZ
                   JJJJJJ            77       55555555555                                             ZZZZZZZZZZZZ


****Z  START  JOB   75  PRG01                           ROOM        1.33.40 AM 30 APR 24  PRINTER2  SYS TK5R  JOB   75  START  Z****
****Z  START  JOB   75  PRG01                           ROOM        1.33.40 AM 30 APR 24  PRINTER2  SYS TK5R  JOB   75  START  Z****
****Z  START  JOB   75  PRG01                           ROOM        1.33.40 AM 30 APR 24  PRINTER2  SYS TK5R  JOB   75  START  Z****
****Z  START  JOB   75  PRG01                           ROOM        1.33.40 AM 30 APR 24  PRINTER2  SYS TK5R  JOB   75  START  Z****
                                                J E S 2   J O B   L O G


 1.33.40 JOB   75  IEF677I WARNING MESSAGE(S) FOR JOB PRG01    ISSUED
 1.33.40 JOB   75  $HASP373 PRG01    STARTED - INIT  1 - CLASS A - SYS TK5R
 1.33.40 JOB   75  IEF403I PRG01 - STARTED - TIME=01.33.40
 1.33.40 JOB   75  IEFACTRT - Stepname  Procstep  Program   Retcode
 1.33.40 JOB   75  PRG01      ASMSTP    ASM       IFOX00    RC= 0000
 1.33.40 JOB   75  PRG01      ASMSTP    LKED      IEWL      RC= 0000
 1.33.40 JOB   75  PRG01      ASMSTP    GO        PGM=*.DD  RC= 0000
 1.33.40 JOB   75  IEF404I PRG01 - ENDED - TIME=01.33.40
 1.33.40 JOB   75  $HASP395 PRG01    ENDED


------ JES2 JOB STATISTICS ------


 30 APR 24 JOB EXECUTION DATE


        10 CARDS READ


       181 SYSOUT PRINT RECORDS


         3 SYSOUT PUNCH RECORDS


      0.00 MINUTES EXECUTION TIME
    1     //PRG01   JOB CLASS=A,MSGCLASS=Z,                                       JOB   75
          //            USER=HERC01,PASSWORD=         GENERATED BY IKJEFF10
    2     //ASMSTP  EXEC ASMFCLG PARM.ASM=(OBJ,NODECK)                            00000200
    3     XXASMFCLG  PROC MAC='SYS1.MACLIB',MAC1='SYS1.MACLIB',                   00000100
          XX         MAC2='SYS1.MACLIB',MAC3='SYS1.MACLIB',SOUT='*'               00000200
    4     XXASM      EXEC PGM=IFOX00,PARM=OBJ,REGION=128K                         00000300
    5     XXSYSLIB   DD   DSN=&MAC,DISP=SHR                                       00000400
    6     XX         DD   DSN=&MAC1,DISP=SHR                                      00000500
    7     XX         DD   DSN=&MAC2,DISP=SHR                                      00000600
    8     XX         DD   DSN=&MAC3,DISP=SHR                                      00000700
    9     XXSYSUT1   DD   DSN=&&SYSUT1,UNIT=SYSSQ,SPACE=(1700,(600,100)),         00000800
          XX             SEP=(SYSLIB)                                             00000900
   10     XXSYSUT2   DD   DSN=&&SYSUT2,UNIT=SYSSQ,SPACE=(1700,(300,50)),          00001000
          XX             SEP=(SYSLIB,SYSUT1)                                      00001100
   11     XXSYSUT3   DD   DSN=&&SYSUT3,UNIT=SYSSQ,SPACE=(1700,(300,50))           00001200
   12     XXSYSPRINT DD   SYSOUT=&SOUT,DCB=BLKSIZE=1089                           00001300
   13     XXSYSPUNCH DD   SYSOUT=B                                                00001400
   14     XXSYSGO    DD   DSN=&&OBJSET,UNIT=SYSSQ,SPACE=(80,(200,50)),            00001500
          XX             DISP=(MOD,PASS)                                          00001600
   15     //ASM.SYSIN    DD *                                                     00000300
   16     XXLKED     EXEC PGM=IEWL,PARM=(XREF,LET,LIST,NCAL),REGION=128K,         00001700
          XX             COND=(8,LT,ASM)                                          00001800
   17     XXSYSLIN   DD   DSN=&&OBJSET,DISP=(OLD,DELETE)                          00001900
   18     XX         DD   DDNAME=SYSIN                                            00002000
   19     XXSYSLMOD  DD   DSN=&&GOSET(GO),UNIT=SYSDA,SPACE=(1024,(50,20,1)),      00002100
          XX             DISP=(MOD,PASS)                                          00002200
   20     XXSYSUT1   DD   DSN=&&SYSUT1,UNIT=(SYSDA,SEP=(SYSLIN,SYSLMOD)),         00002300
          XX             SPACE=(1024,(50,20))                                     00002400
   21     XXSYSPRINT DD   SYSOUT=&SOUT                                            00002500
   22     XXGO       EXEC PGM=*.LKED.SYSLMOD,COND=((8,LT,ASM),(4,LT,LKED))        00002600
 STMT NO. MESSAGE
-
    5     IEF653I SUBSTITUTION JCL - DSN=SYS1.MACLIB,DISP=SHR
    6     IEF653I SUBSTITUTION JCL - DSN=SYS1.MACLIB,DISP=SHR
    7     IEF653I SUBSTITUTION JCL - DSN=SYS1.MACLIB,DISP=SHR
    8     IEF653I SUBSTITUTION JCL - DSN=SYS1.MACLIB,DISP=SHR
   12     IEF653I SUBSTITUTION JCL - SYSOUT=*,DCB=BLKSIZE=1089
   21     IEF653I SUBSTITUTION JCL - SYSOUT=*
   22     IEF686I DDNAME REFERRED TO ON DDNAME KEYWORD IN PRIOR STEP WAS NOT RESOLVED
IEF236I ALLOC. FOR PRG01 ASM ASMSTP
IEF237I 390  ALLOCATED TO SYSLIB
IEF237I 390  ALLOCATED TO
IEF237I 390  ALLOCATED TO
IEF237I 390  ALLOCATED TO
IEF237I 290  ALLOCATED TO SYSUT1
IEF237I 293  ALLOCATED TO SYSUT2
IEF237I 292  ALLOCATED TO SYSUT3
IEF237I JES2 ALLOCATED TO SYSPRINT
IEF237I JES2 ALLOCATED TO SYSPUNCH
IEF237I 291  ALLOCATED TO SYSGO
IEF237I JES2 ALLOCATED TO SYSIN
IEF142I PRG01 ASM ASMSTP - STEP WAS EXECUTED - COND CODE 0000
IEF285I   SYS1.MACLIB                                  KEPT          *--------0
IEF285I   VOL SER NOS= TK5RES.
IEF285I   SYS1.MACLIB                                  KEPT          *--------0
IEF285I   VOL SER NOS= TK5RES.
IEF285I   SYS1.MACLIB                                  KEPT          *--------0
IEF285I   VOL SER NOS= TK5RES.
IEF285I   SYS1.MACLIB                                  KEPT          *--------0
IEF285I   VOL SER NOS= TK5RES.
IEF285I   SYS24121.T013340.RA000.PRG01.SYSUT1          DELETED       *--------8
IEF285I   VOL SER NOS= WORK01.
IEF285I   SYS24121.T013340.RA000.PRG01.SYSUT2          DELETED       *--------7
IEF285I   VOL SER NOS= WORK04.
IEF285I   SYS24121.T013340.RA000.PRG01.SYSUT3          DELETED       *--------7
IEF285I   VOL SER NOS= WORK03.
IEF285I   JES2.JOB00075.SO0102                         SYSOUT
IEF285I   JES2.JOB00075.SO0103                         SYSOUT
IEF285I   SYS24121.T013340.RA000.PRG01.OBJSET          PASSED        *--------3
IEF285I   VOL SER NOS= WORK02.
IEF285I   JES2.JOB00075.SI0101                         SYSIN
IEF373I STEP /ASM     / START 24121.0133
IEF374I STEP /ASM     / STOP  24121.0133 CPU    0MIN 00.06SEC SRB    0MIN 00.00SEC VIRT   128K SYS   204K
************************************************************************************************************************************
*     1. Jobstep of job: PRG01       Stepname: ASM         Program name: IFOX00     Executed on 30.04.24 from 01.33.40 to 01.33.40 *
*         elapsed time  00:00:00,17                      CPU-Identifier:  TK5R           Page-in:      0                           *
*             CPU time  00:00:00,06               Virtual Storage used:    128K         Page-out:      0                           *
*           corr. CPU:  00:00:00,06   CPU time has been corrected by  1 / 1,0  multiplier                                          *
*                                                                                                                                  *
*     I/O Operation                                                                                                                *
*     Number of records read via DD * or DD DATA:      5                                                                           *
*     390.......0 390.......0 390.......0 390.......0 290.......8 293.......7 292.......7 DMY.......0 DMY.......0 291.......3      *
*     DMY.......0                                                                                                                  *
*                                                                                                                                  *
*                                          Charge for step (w/o SYSOUT):          0,10                                             *
************************************************************************************************************************************
IEF236I ALLOC. FOR PRG01 LKED ASMSTP
IEF237I 291  ALLOCATED TO SYSLIN
IEF237I DMY  ALLOCATED TO
IEF237I 292  ALLOCATED TO SYSLMOD
IEF237I 290  ALLOCATED TO SYSUT1
IEF237I JES2 ALLOCATED TO SYSPRINT
IEF142I PRG01 LKED ASMSTP - STEP WAS EXECUTED - COND CODE 0000
IEF285I   SYS24121.T013340.RA000.PRG01.OBJSET          DELETED       *--------4
IEF285I   VOL SER NOS= WORK02.
IEF285I   SYS24121.T013340.RA000.PRG01.GOSET           PASSED        *--------9
IEF285I   VOL SER NOS= WORK03.
IEF285I   SYS24121.T013340.RA000.PRG01.SYSUT1          DELETED       *--------0
IEF285I   VOL SER NOS= WORK01.
IEF285I   JES2.JOB00075.SO0104                         SYSOUT
IEF373I STEP /LKED    / START 24121.0133
IEF374I STEP /LKED    / STOP  24121.0133 CPU    0MIN 00.02SEC SRB    0MIN 00.00SEC VIRT   128K SYS   204K
************************************************************************************************************************************
*     2. Jobstep of job: PRG01       Stepname: LKED        Program name: IEWL       Executed on 30.04.24 from 01.33.40 to 01.33.40 *
*         elapsed time  00:00:00,06                      CPU-Identifier:  TK5R           Page-in:      0                           *
*             CPU time  00:00:00,02               Virtual Storage used:    128K         Page-out:      0                           *
*           corr. CPU:  00:00:00,02   CPU time has been corrected by  1 / 1,0  multiplier                                          *
*                                                                                                                                  *
*     I/O Operation                                                                                                                *
*     Number of records read via DD * or DD DATA:      0                                                                           *
*     291.......4 DMY.......0 292.......9 290.......0 DMY.......0                                                                  *
*                                                                                                                                  *
*                                          Charge for step (w/o SYSOUT):          0,03                                             *
************************************************************************************************************************************
IEF236I ALLOC. FOR PRG01 GO ASMSTP
IEF237I 292  ALLOCATED TO PGM=*.DD
IEF142I PRG01 GO ASMSTP - STEP WAS EXECUTED - COND CODE 0000
IEF285I   SYS24121.T013340.RA000.PRG01.GOSET           KEPT          *--------0
IEF285I   VOL SER NOS= WORK03.
IEF373I STEP /GO      / START 24121.0133
IEF374I STEP /GO      / STOP  24121.0133 CPU    0MIN 00.00SEC SRB    0MIN 00.00SEC VIRT     8K SYS   196K
IEF237I 292  ALLOCATED TO SYS00001
IEF285I   SYS24121.T013340.RA000.PRG01.R0000001        KEPT          *--------0
IEF285I   VOL SER NOS= WORK03.
IEF285I   SYS24121.T013340.RA000.PRG01.GOSET           DELETED
IEF285I   VOL SER NOS= WORK03.
IEF375I  JOB /PRG01   / START 24121.0133
IEF376I  JOB /PRG01   / STOP  24121.0133 CPU    0MIN 00.08SEC SRB    0MIN 00.00SEC
                                               EXTERNAL SYMBOL DICTIONARY                                      PAGE    1


SYMBOL   TYPE  ID   ADDR  LENGTH LDID                                                            ASM 0201 01.33 04/30/24

BEGIN     SD  0001 000000 000004                                                                                                               PAGE    2


  LOC  OBJECT CODE    ADDR1 ADDR2  STMT   SOURCE STATEMENT                                       ASM 0201 01.33 04/30/24

                                      1          PRINT GEN                                                      00000400
000000                                2 BEGIN    CSECT                                                          00000500
000000 17FF                           3          XR    15,15                                                    00000600
000002 07FE                           4          BR    14                                                       00000700
000000                                5          END   BEGIN                                                    00000800                                                  CROSS-REFERENCE                                              PAGE    3


SYMBOL    LEN   VALUE   DEFN    REFERENCES                                                       ASM 0201 01.33 04/30/24

BEGIN    00001 00000000 00002  00005                                                  ASSEMBLER DIAGNOSTICS AND STATISTICS                         PAGE    4


                                                                                                 ASM 0201 01.33 04/30/24

NO STATEMENTS FLAGGED IN THIS ASSEMBLY
HIGHEST SEVERITY WAS    0
OPTIONS FOR THIS ASSEMBLY
  ALIGN, ALOGIC, BUFSIZE(STD), DECK, ESD, FLAG(0), LINECOUNT(55), LIST, NOMCALL, YFLAG, WORKSIZE(2097152)
  NOMLOGIC, NONUMBER, OBJECT, NORENT, RLD, NOSTMT, NOLIBMAC, NOTERMINAL, NOTEST, XREF(SHORT)
  SYSPARM()
WORK FILE BUFFER SIZE/NUMBER = 7678/ 1
TOTAL RECORDS READ FROM SYSTEM INPUT          5
TOTAL RECORDS READ FROM SYSTEM LIBRARY        0
TOTAL RECORDS PUNCHED                         3
TOTAL RECORDS PRINTED                        26
 F64-LEVEL LINKAGE EDITOR OPTIONS SPECIFIED XREF,LET,LIST,NCAL
          DEFAULT OPTION(S) USED -  SIZE=(98304,55296)



                                                CROSS REFERENCE TABLE


  CONTROL SECTION                       ENTRY

    NAME    ORIGIN  LENGTH                NAME   LOCATION     NAME   LOCATION     NAME   LOCATION     NAME   LOCATION
  BEGIN         00       4


 ENTRY ADDRESS       00

 TOTAL LENGTH         8
****GO        DOES NOT EXIST BUT HAS BEEN ADDED TO DATA SET
AUTHORIZATION CODE IS         0.
                                      PPPPPPPPPPP   RRRRRRRRRRR    GGGGGGGGGG     00000000         11
                                     PPPPPPPPPPPP  RRRRRRRRRRRR  GGGGGGGGGGGG   0000000000       111
                                    PP        PP  RR        RR  GG        GG  00      0000     1111
                                   PP        PP  RR        RR  GG            00     00 00       11
                                  PP        PP  RR        RR  GG            00    00  00       11
                                 PPPPPPPPPPPP  RRRRRRRRRRRR  GG            00   00   00       11
                                PPPPPPPPPPP   RRRRRRRRRRR   GG     GGGGG  00  00    00       11
                               PP            RR    RR      GG     GGGGG  00 00     00       11
                              PP            RR     RR     GG        GG  0000      00       11
                             PP            RR      RR    GG        GG  000       00       11
                            PP            RR       RR   GGGGGGGGGGGG   0000000000    1111111111
                           PP            RR        RR   GGGGGGGGGG     00000000     1111111111



                    JJJJJJJJJJ  777777777777  555555555555                                            ZZZZZZZZZZZZ
                    JJJJJJJJJJ  77777777777   555555555555                                            ZZZZZZZZZZZZ
                        JJ      77      77    55                                                               ZZ
                        JJ             77     55                                                              ZZ
                        JJ            77      55                                                             ZZ
                        JJ           77       555555555                                                  ZZZZZZZ
                        JJ           77       5555555555                                                 ZZZZZZZ
                        JJ           77                55                                                 ZZ
                  JJ    JJ           77                 55                                               ZZ
                  JJ    JJ           77                 55                                              ZZ
                  JJJJJJJJ           77       555555555555                                             ZZZZZZZZZZZ
                   JJJJJJ            77       55555555555                                             ZZZZZZZZZZZZ


****Z   END   JOB   75  PRG01                           ROOM        1.33.40 AM 30 APR 24  PRINTER2  SYS TK5R  JOB   75   END   Z****
****Z   END   JOB   75  PRG01                           ROOM        1.33.40 AM 30 APR 24  PRINTER2  SYS TK5R  JOB   75   END   Z****
****Z   END   JOB   75  PRG01                           ROOM        1.33.40 AM 30 APR 24  PRINTER2  SYS TK5R  JOB   75   END   Z****
****Z   END   JOB   75  PRG01                           ROOM        1.33.40 AM 30 APR 24  PRINTER2  SYS TK5R  JOB   75   END   Z****

