                                     PPPPPPPPPPPP  RRRRRRRRRRRR  GGGGGGGGGGGG   0000000000   666666666666
                                    PP        PP  RR        RR  GG        GG  00      0000  66        66
                                   PP        PP  RR        RR  GG            00     00 00  66
                                  PP        PP  RR        RR  GG            00    00  00  66
                                 PPPPPPPPPPPP  RRRRRRRRRRRR  GG            00   00   00  66666666666
                                PPPPPPPPPPP   RRRRRRRRRRR   GG     GGGGG  00  00    00  666666666666
                               PP            RR    RR      GG     GGGGG  00 00     00  66        66
                              PP            RR     RR     GG        GG  0000      00  66        66
                             PP            RR      RR    GG        GG  000       00  66        66
                            PP            RR       RR   GGGGGGGGGGGG   0000000000   666666666666
                           PP            RR        RR   GGGGGGGGGG     00000000     6666666666



                    JJJJJJJJJJ   8888888888    2222222222                                             ZZZZZZZZZZZZ
                    JJJJJJJJJJ  888888888888  222222222222                                            ZZZZZZZZZZZZ
                        JJ      88        88  22        22                                                     ZZ
                        JJ      88        88            22                                                    ZZ
                        JJ       88      88             22                                                   ZZ
                        JJ        88888888             22                                                ZZZZZZZ
                        JJ        88888888           22                                                  ZZZZZZZ
                        JJ       88      88        22                                                     ZZ
                  JJ    JJ      88        88     22                                                      ZZ
                  JJ    JJ      88        88   22                                                       ZZ
                  JJJJJJJJ      888888888888  222222222222                                             ZZZZZZZZZZZ
                   JJJJJJ        8888888888   222222222222                                            ZZZZZZZZZZZZ


****Z  START  JOB   82  PRG06                           ROOM        1.48.54 AM 30 APR 24  PRINTER2  SYS TK5R  JOB   82  START  Z****
****Z  START  JOB   82  PRG06                           ROOM        1.48.54 AM 30 APR 24  PRINTER2  SYS TK5R  JOB   82  START  Z****
****Z  START  JOB   82  PRG06                           ROOM        1.48.54 AM 30 APR 24  PRINTER2  SYS TK5R  JOB   82  START  Z****
****Z  START  JOB   82  PRG06                           ROOM        1.48.54 AM 30 APR 24  PRINTER2  SYS TK5R  JOB   82  START  Z****
                                                J E S 2   J O B   L O G


 1.48.50 JOB   82  IEF677I WARNING MESSAGE(S) FOR JOB PRG06    ISSUED
 1.48.50 JOB   82  $HASP373 PRG06    STARTED - INIT  1 - CLASS A - SYS TK5R
 1.48.50 JOB   82  IEF403I PRG06 - STARTED - TIME=01.48.50
 1.48.50 JOB   82  IEFACTRT - Stepname  Procstep  Program   Retcode
 1.48.50 JOB   82  PRG06      ASMFCLG   ASM       IFOX00    RC= 0000
 1.48.50 JOB   82  PRG06      ASMFCLG   LKED      IEWL      RC= 0000
 1.48.50 JOB   82  +IDENTIFY CALL
 1.48.50 JOB   82  +ATTACH CALL
 1.48.50 JOB   82  +SUBTASK STARTING
 1.48.53 JOB   82  +SUBTASK STOPPING
 1.48.53 JOB   82  PRG06      ASMFCLG   GO        PGM=*.DD  RC= 0000
 1.48.53 JOB   82  IEF404I PRG06 - ENDED - TIME=01.48.53
 1.48.53 JOB   82  $HASP395 PRG06    ENDED


------ JES2 JOB STATISTICS ------


 30 APR 24 JOB EXECUTION DATE


        71 CARDS READ


       314 SYSOUT PRINT RECORDS


        14 SYSOUT PUNCH RECORDS


      0.06 MINUTES EXECUTION TIME
    1     //PRG06   JOB CLASS=A,MSGCLASS=Z,TIME=(0,1),                            JOB   82
          //            USER=HERC01,PASSWORD=         GENERATED BY IKJEFF10
    2     //ASMFCLG  EXEC ASMFCLG,MAC1='SYS1.AMODGEN'                             00000220
    3     XXASMFCLG  PROC MAC='SYS1.MACLIB',MAC1='SYS1.MACLIB',                   00000100
          XX         MAC2='SYS1.MACLIB',MAC3='SYS1.MACLIB',SOUT='*'               00000200
    4     XXASM      EXEC PGM=IFOX00,PARM=OBJ,REGION=128K                         00000300
    5     XXSYSLIB   DD   DSN=&MAC,DISP=SHR                                       00000400
    6     XX         DD   DSN=&MAC1,DISP=SHR                                      00000500
    7     XX         DD   DSN=&MAC2,DISP=SHR                                      00000600
    8     XX         DD   DSN=&MAC3,DISP=SHR                                      00000700
    9     XXSYSUT1   DD   DSN=&&SYSUT1,UNIT=SYSSQ,SPACE=(1700,(600,100)),         00000800
          XX             SEP=(SYSLIB)                                             00000900
   10     XXSYSUT2   DD   DSN=&&SYSUT2,UNIT=SYSSQ,SPACE=(1700,(300,50)),          00001000
          XX             SEP=(SYSLIB,SYSUT1)                                      00001100
   11     XXSYSUT3   DD   DSN=&&SYSUT3,UNIT=SYSSQ,SPACE=(1700,(300,50))           00001200
   12     XXSYSPRINT DD   SYSOUT=&SOUT,DCB=BLKSIZE=1089                           00001300
   13     XXSYSPUNCH DD   SYSOUT=B                                                00001400
   14     XXSYSGO    DD   DSN=&&OBJSET,UNIT=SYSSQ,SPACE=(80,(200,50)),            00001500
          XX             DISP=(MOD,PASS)                                          00001600
   15     //ASM.SYSIN    DD *                                                     00000300
   16     XXLKED     EXEC PGM=IEWL,PARM=(XREF,LET,LIST,NCAL),REGION=128K,         00001700
          XX             COND=(8,LT,ASM)                                          00001800
   17     XXSYSLIN   DD   DSN=&&OBJSET,DISP=(OLD,DELETE)                          00001900
   18     XX         DD   DDNAME=SYSIN                                            00002000
   19     XXSYSLMOD  DD   DSN=&&GOSET(GO),UNIT=SYSDA,SPACE=(1024,(50,20,1)),      00002100
          XX             DISP=(MOD,PASS)                                          00002200
   20     XXSYSUT1   DD   DSN=&&SYSUT1,UNIT=(SYSDA,SEP=(SYSLIN,SYSLMOD)),         00002300
          XX             SPACE=(1024,(50,20))                                     00002400
   21     XXSYSPRINT DD   SYSOUT=&SOUT                                            00002500
   22     XXGO       EXEC PGM=*.LKED.SYSLMOD,COND=((8,LT,ASM),(4,LT,LKED))        00002600
   23     //GO.SNAPDUMP DD   SYSOUT=Z                                             00007032
 STMT NO. MESSAGE
-
    5     IEF653I SUBSTITUTION JCL - DSN=SYS1.MACLIB,DISP=SHR
    6     IEF653I SUBSTITUTION JCL - DSN=SYS1.AMODGEN,DISP=SHR
    7     IEF653I SUBSTITUTION JCL - DSN=SYS1.MACLIB,DISP=SHR
    8     IEF653I SUBSTITUTION JCL - DSN=SYS1.MACLIB,DISP=SHR
   12     IEF653I SUBSTITUTION JCL - SYSOUT=*,DCB=BLKSIZE=1089
   21     IEF653I SUBSTITUTION JCL - SYSOUT=*
   22     IEF686I DDNAME REFERRED TO ON DDNAME KEYWORD IN PRIOR STEP WAS NOT RESOLVED
IEF236I ALLOC. FOR PRG06 ASM ASMFCLG
IEF237I 390  ALLOCATED TO SYSLIB
IEF237I 392  ALLOCATED TO
IEF237I 390  ALLOCATED TO
IEF237I 390  ALLOCATED TO
IEF237I 293  ALLOCATED TO SYSUT1
IEF237I 291  ALLOCATED TO SYSUT2
IEF237I 292  ALLOCATED TO SYSUT3
IEF237I JES2 ALLOCATED TO SYSPRINT
IEF237I JES2 ALLOCATED TO SYSPUNCH
IEF237I 290  ALLOCATED TO SYSGO
IEF237I JES2 ALLOCATED TO SYSIN
IEF142I PRG06 ASM ASMFCLG - STEP WAS EXECUTED - COND CODE 0000
IEF285I   SYS1.MACLIB                                  KEPT          *-------49
IEF285I   VOL SER NOS= TK5RES.
IEF285I   SYS1.AMODGEN                                 KEPT          *--------3
IEF285I   VOL SER NOS= TK5DLB.
IEF285I   SYS1.MACLIB                                  KEPT          *--------0
IEF285I   VOL SER NOS= TK5RES.
IEF285I   SYS1.MACLIB                                  KEPT          *--------0
IEF285I   VOL SER NOS= TK5RES.
IEF285I   SYS24121.T014850.RA000.PRG06.SYSUT1          DELETED       *------520
IEF285I   VOL SER NOS= WORK04.
IEF285I   SYS24121.T014850.RA000.PRG06.SYSUT2          DELETED       *-------51
IEF285I   VOL SER NOS= WORK02.
IEF285I   SYS24121.T014850.RA000.PRG06.SYSUT3          DELETED       *--------8
IEF285I   VOL SER NOS= WORK03.
IEF285I   JES2.JOB00082.SO0102                         SYSOUT
IEF285I   JES2.JOB00082.SO0103                         SYSOUT
IEF285I   SYS24121.T014850.RA000.PRG06.OBJSET          PASSED        *-------14
IEF285I   VOL SER NOS= WORK01.
IEF285I   JES2.JOB00082.SI0101                         SYSIN
IEF373I STEP /ASM     / START 24121.0148
IEF374I STEP /ASM     / STOP  24121.0148 CPU    0MIN 00.44SEC SRB    0MIN 00.04SEC VIRT   128K SYS   204K
************************************************************************************************************************************
*     1. Jobstep of job: PRG06       Stepname: ASM         Program name: IFOX00     Executed on 30.04.24 from 01.48.50 to 01.48.50 *
*         elapsed time  00:00:00,69                      CPU-Identifier:  TK5R           Page-in:      0                           *
*             CPU time  00:00:00,48               Virtual Storage used:    128K         Page-out:      0                           *
*           corr. CPU:  00:00:00,48   CPU time has been corrected by  1 / 1,0  multiplier                                          *
*                                                                                                                                  *
*     I/O Operation                                                                                                                *
*     Number of records read via DD * or DD DATA:     65                                                                           *
*     390......49 392.......3 390.......0 390.......0 293.....520 291......51 292.......8 DMY.......0 DMY.......0 290......14      *
*     DMY.......0                                                                                                                  *
*                                                                                                                                  *
*                                          Charge for step (w/o SYSOUT):          0,80                                             *
************************************************************************************************************************************
IEF236I ALLOC. FOR PRG06 LKED ASMFCLG
IEF237I 290  ALLOCATED TO SYSLIN
IEF237I DMY  ALLOCATED TO
IEF237I 291  ALLOCATED TO SYSLMOD
IEF237I 292  ALLOCATED TO SYSUT1
IEF237I JES2 ALLOCATED TO SYSPRINT
IEF142I PRG06 LKED ASMFCLG - STEP WAS EXECUTED - COND CODE 0000
IEF285I   SYS24121.T014850.RA000.PRG06.OBJSET          DELETED       *-------15
IEF285I   VOL SER NOS= WORK01.
IEF285I   SYS24121.T014850.RA000.PRG06.GOSET           PASSED        *-------10
IEF285I   VOL SER NOS= WORK02.
IEF285I   SYS24121.T014850.RA000.PRG06.SYSUT1          DELETED       *--------0
IEF285I   VOL SER NOS= WORK03.
IEF285I   JES2.JOB00082.SO0104                         SYSOUT
IEF373I STEP /LKED    / START 24121.0148
IEF374I STEP /LKED    / STOP  24121.0148 CPU    0MIN 00.02SEC SRB    0MIN 00.00SEC VIRT   128K SYS   204K
************************************************************************************************************************************
*     2. Jobstep of job: PRG06       Stepname: LKED        Program name: IEWL       Executed on 30.04.24 from 01.48.50 to 01.48.50 *
*         elapsed time  00:00:00,06                      CPU-Identifier:  TK5R           Page-in:      0                           *
*             CPU time  00:00:00,02               Virtual Storage used:    128K         Page-out:      0                           *
*           corr. CPU:  00:00:00,02   CPU time has been corrected by  1 / 1,0  multiplier                                          *
*                                                                                                                                  *
*     I/O Operation                                                                                                                *
*     Number of records read via DD * or DD DATA:      0                                                                           *
*     290......15 DMY.......0 291......10 292.......0 DMY.......0                                                                  *
*                                                                                                                                  *
*                                          Charge for step (w/o SYSOUT):          0,03                                             *
************************************************************************************************************************************
IEF236I ALLOC. FOR PRG06 GO ASMFCLG
IEF237I 291  ALLOCATED TO PGM=*.DD
IEF237I JES2 ALLOCATED TO SNAPDUMP
IDENTIFY CALL
ATTACH CALL
SUBTASK STARTING
SUBTASK STOPPING
IEF142I PRG06 GO ASMFCLG - STEP WAS EXECUTED - COND CODE 0000
IEF285I   SYS24121.T014850.RA000.PRG06.GOSET           KEPT          *--------0
IEF285I   VOL SER NOS= WORK02.
IEF285I   JES2.JOB00082.SO0105                         SYSOUT
IEF373I STEP /GO      / START 24121.0148
IEF374I STEP /GO      / STOP  24121.0148 CPU    0MIN 00.01SEC SRB    0MIN 00.00SEC VIRT     8K SYS   200K
************************************************************************************************************************************
*     3. Jobstep of job: PRG06       Stepname: GO          Program name: PGM=*.DD   Executed on 30.04.24 from 01.48.50 to 01.48.53 *
*         elapsed time  00:00:03,04                      CPU-Identifier:  TK5R           Page-in:      0                           *
*             CPU time  00:00:00,01               Virtual Storage used:      8K         Page-out:      0                           *
*           corr. CPU:  00:00:00,01   CPU time has been corrected by  1 / 1,0  multiplier                                          *
*                                                                                                                                  *
*     I/O Operation                                                                                                                *
*     Number of records read via DD * or DD DATA:      0                                                                           *
*     291.......0 DMY.......0                                                                                                      *
*                                                                                                                                  *
*                                          Charge for step (w/o SYSOUT):          0,01                                             *
************************************************************************************************************************************
IEF237I 291  ALLOCATED TO SYS00001
IEF285I   SYS24121.T014853.RA000.PRG06.R0000001        KEPT          *--------0
IEF285I   VOL SER NOS= WORK02.
IEF285I   SYS24121.T014850.RA000.PRG06.GOSET           DELETED
IEF285I   VOL SER NOS= WORK02.
IEF375I  JOB /PRG06   / START 24121.0148
IEF376I  JOB /PRG06   / STOP  24121.0148 CPU    0MIN 00.47SEC SRB    0MIN 00.04SEC
                                               EXTERNAL SYMBOL DICTIONARY                                      PAGE    1


SYMBOL   TYPE  ID   ADDR  LENGTH LDID                                                            ASM 0201 01.48 04/30/24

          PC  0001 000000 000000
BEGIN     SD  0002 000000 000220
TASKPRG   LD       00011C        0002                                                                                                               PAGE    2


  LOC  OBJECT CODE    ADDR1 ADDR2  STMT   SOURCE STATEMENT                                       ASM 0201 01.48 04/30/24

                                      1          PRINT NOGEN                                                    00000400
                                      2 *                                                                       00000500
                            00000     3 R0       EQU   0                                                        00000600
                            00001     4 R1       EQU   1                                                        00000700
                            00002     5 R2       EQU   2                                                        00000800
                            00003     6 R3       EQU   3                                                        00000900
                            00004     7 R4       EQU   4                                                        00001000
                            00005     8 R5       EQU   5                                                        00001100
                            00006     9 R6       EQU   6                                                        00001200
                            00007    10 R7       EQU   7                                                        00001300
                            00008    11 R8       EQU   8                                                        00001400
                            00009    12 R9       EQU   9                                                        00001500
                            0000A    13 R10      EQU   10                                                       00001600
                            0000B    14 R11      EQU   11                                                       00001700
                            0000C    15 R12      EQU   12                                                       00001800
                            0000D    16 R13      EQU   13                                                       00001900
                            0000E    17 R14      EQU   14                                                       00002000
                            0000F    18 R15      EQU   15                                                       00002100
                                     19 *                                                                       00002200
000000                               20 BEGIN    CSECT                                                          00002300
                                     21          ENTRY TASKPRG                                                  00002435
                                     22          SAVE  (14,12)                                                  00002500
000004 05C0                          25          BALR  R12,R0         SET UP BASE REGISTER                      00002621
                            00006    26          USING *,12                                                     00002700
000006 50D0 C16E      00174          27          ST    R13,SAVE+4     SAVE CALLER'S SAVE AREA                   00002821
                                     28 *                                                                       00002901
                                     29          WTO   'IDENTIFY CALL'                                          00003028
000024 4120 C116      0011C          37          LA    2,TASKPRG                                                00003137
                                     38          IDENTIFY EP=TASKPRG,ENTRY=(2)                                  00003237
                                     43          WTO   'ATTACH CALL'                                            00003321
                                     51          ATTACH EP=TASKPRG,ECB=ECB1                                     00003436
000096 5010 C1B6      001BC          80          ST    R1,TCBADD      SAVE TCB'S ADDRESS                        00003521
00009A 50F0 C1BA      001C0          81          ST    R15,RETCD      SAVE RETURN CODE                          00003621
00009E 14FF                          82          NR    R15,R15        SUCCESSFUL TASK START?                    00003705
0000A0 4770 C0B2      000B8          83          BNZ   FAIL                                                     00003805
                                     84          WAIT  1,ECB=ECB1     WAIT FOR THE TASK TO END                  00003921
                                     88          DETACH TCBADD        REMOVE TASK                               00004013
0000B4 47F0 C0CE      000D4          93          B      DONE                                                    00004124
                                     94 *                                                                       00004200
                                     95 FAIL     WTO   'ATTACH CALL FAILED'                                     00004321
                                    103 DONE     OPEN  (SNAPOUT,OUTPUT)                                         00004424
0000DE 58F0 C1BA      001C0         109          L     R15,RETCD      RETURN CODE                               00004523
                                    110          SNAP  DCB=SNAPOUT,PDATA=(PSW,REGS)                             00004603
                                    127          CLOSE SNAPOUT                                                  00004700
00010E 58D0 C16E      00174         133          L     13,SAVE+4      RESTORE SAVE AREA                         00004800
                                    134          RETURN (14,12),RC=0                                            00004900
                                    138 *                                                                       00005000
00011C                              139 TASKPRG  DS    0F                                                       00005102
                                    140          WTO   'SUBTASK STARTING'                                       00005202
                                    148          STIMER WAIT,BINTVL=WAITTIME                                    00005308
                                    154          WTO   'SUBTASK STOPPING'                                       00005438
                                    162          POST  ECB1                                                     00005513
                                    166          STATUS STOP,TCB=TCBADD                                         00005617
                                    170 *                                                                       00005700
000170                              171          CNOP  0,4                                                      00005800                                                                                                               PAGE    3


  LOC  OBJECT CODE    ADDR1 ADDR2  STMT   SOURCE STATEMENT                                       ASM 0201 01.48 04/30/24

000170                              172 SAVE     DS    18F          SAVE AREA                                   00005909
0001B8 00000000                     173 ECB1     DC    1F'0'        SUB TASK'S COMPLETION ECB                   00006025
0001BC                              174 TCBADD   DS    F            TCB'S ADDRESS                               00006109
0001C0                              175 RETCD    DS    F            ATTACH RETURN CODE                          00006221
0001C4 0000012C                     176 WAITTIME DC    F'300'       3 SECONDS                                   00006308
                                    177 SNAPOUT  DCB   DSORG=PS,RECFM=VBA,MACRF=W,BLKSIZE=882,LRECL=125,       X00006400
                                                       DDNAME=SNAPDUMP                                          00006500
                                    228 *                                                                       00006600
000220                              229          LTORG                                                          00006700
000000                              230          END   BEGIN                                                    00006800                                                  RELOCATION DICTIONARY                                        PAGE    4


POS.ID   REL.ID   FLAGS   ADDRESS                                                                ASM 0201 01.48 04/30/24

 0002     0002      0C     000058
 0002     0002      08     000061
 0002     0002      08     0000D9
 0002     0002      0C     0000F0
 0002     0002      08     000109
                                                  CROSS-REFERENCE                                              PAGE    5


SYMBOL    LEN   VALUE   DEFN    REFERENCES                                                       ASM 0201 01.48 04/30/24

BEGIN    00001 00000000 00020  00230
DONE     00004 000000D4 00105  00093
ECB1     00004 000001B8 00173  00061 00085 00164
FAIL     00004 000000B8 00097  00083
IHB0002A 00002 00000022 00035  00031
IHB0005A 00002 0000004C 00049  00045
IHB0006  00004 00000058 00056  00054
IHB0011A 00002 000000D2 00101  00097
IHB0013  00002 00000100 00125  00113
IHB0016A 00002 00000134 00146  00142
IHB0019A 00002 0000015C 00160  00156
RETCD    00004 000001C0 00175  00081 00109
R0       00001 00000000 00003  00025
R1       00001 00000001 00004  00080
R12      00001 0000000C 00015  00025
R13      00001 0000000D 00016  00027
R15      00001 0000000F 00018  00081 00082 00082 00109
SAVE     00004 00000170 00172  00027 00133
SNAPOUT  00004 000001C8 00181  00107 00121 00131
TASKPRG  00004 0000011C 00139  00021 00037
TCBADD   00004 000001BC 00174  00080 00091 00168
WAITTIME 00004 000001C4 00176  00150                                                  ASSEMBLER DIAGNOSTICS AND STATISTICS                         PAGE    6


                                                                                                 ASM 0201 01.48 04/30/24

NO STATEMENTS FLAGGED IN THIS ASSEMBLY
HIGHEST SEVERITY WAS    0
OPTIONS FOR THIS ASSEMBLY
  ALIGN, ALOGIC, BUFSIZE(STD), DECK, ESD, FLAG(0), LINECOUNT(55), LIST, NOMCALL, YFLAG, WORKSIZE(2097152)
  NOMLOGIC, NONUMBER, OBJECT, NORENT, RLD, NOSTMT, NOLIBMAC, NOTERMINAL, NOTEST, XREF(SHORT)
  SYSPARM()
WORK FILE BUFFER SIZE/NUMBER = 7678/ 1
TOTAL RECORDS READ FROM SYSTEM INPUT         65
TOTAL RECORDS READ FROM SYSTEM LIBRARY     6249
TOTAL RECORDS PUNCHED                        14
TOTAL RECORDS PRINTED                       119
 F64-LEVEL LINKAGE EDITOR OPTIONS SPECIFIED XREF,LET,LIST,NCAL
          DEFAULT OPTION(S) USED -  SIZE=(98304,55296)



                                                CROSS REFERENCE TABLE


  CONTROL SECTION                       ENTRY

    NAME    ORIGIN  LENGTH                NAME   LOCATION     NAME   LOCATION     NAME   LOCATION     NAME   LOCATION
  BEGIN         00     220
                                        TASKPRG      11C



  LOCATION  REFERS TO SYMBOL  IN CONTROL SECTION             LOCATION  REFERS TO SYMBOL  IN CONTROL SECTION

 ENTRY ADDRESS       00

 TOTAL LENGTH       220
****GO        DOES NOT EXIST BUT HAS BEEN ADDED TO DATA SET
AUTHORIZATION CODE IS         0.
JOB PRG06            STEP GO              TIME 014853   DATE 24121                CPUID = FD0006113033       PAGE 0001

PSW AT ENTRY TO SNAP   078D0000 000A5EE2        ILC 2   INTC 0033


REGS AT ENTRY TO SNAP

     FLTR 0-6      0000000000000000      0000000000000000              0000000000000000      0000000000000000

     REGS 0-7      000001A0   800A5EC8   000A5EFC   009B0634           009B0610   009BC7B0   00992018   FD000000
     REGS 8-15     009BC318   809BC158   00000000   009BE050           400A5DE6   000A4FB0   00015CC0   00000000
JOB PRG06            STEP GO              TIME 014853   DATE 24121                                          PAGE 0002

                   DUMP INDEX
                   ----------

 DATA AREAS                           PAGE NUMBER
-----------                           -----------

 REGISTERS.............................  0001

END OF DUMP                                      PPPPPPPPPPP   RRRRRRRRRRR    GGGGGGGGGG     00000000     6666666666
                                     PPPPPPPPPPPP  RRRRRRRRRRRR  GGGGGGGGGGGG   0000000000   666666666666
                                    PP        PP  RR        RR  GG        GG  00      0000  66        66
                                   PP        PP  RR        RR  GG            00     00 00  66
                                  PP        PP  RR        RR  GG            00    00  00  66
                                 PPPPPPPPPPPP  RRRRRRRRRRRR  GG            00   00   00  66666666666
                                PPPPPPPPPPP   RRRRRRRRRRR   GG     GGGGG  00  00    00  666666666666
                               PP            RR    RR      GG     GGGGG  00 00     00  66        66
                              PP            RR     RR     GG        GG  0000      00  66        66
                             PP            RR      RR    GG        GG  000       00  66        66
                            PP            RR       RR   GGGGGGGGGGGG   0000000000   666666666666
                           PP            RR        RR   GGGGGGGGGG     00000000     6666666666



                    JJJJJJJJJJ   8888888888    2222222222                                             ZZZZZZZZZZZZ
                    JJJJJJJJJJ  888888888888  222222222222                                            ZZZZZZZZZZZZ
                        JJ      88        88  22        22                                                     ZZ
                        JJ      88        88            22                                                    ZZ
                        JJ       88      88             22                                                   ZZ
                        JJ        88888888             22                                                ZZZZZZZ
                        JJ        88888888           22                                                  ZZZZZZZ
                        JJ       88      88        22                                                     ZZ
                  JJ    JJ      88        88     22                                                      ZZ
                  JJ    JJ      88        88   22                                                       ZZ
                  JJJJJJJJ      888888888888  222222222222                                             ZZZZZZZZZZZ
                   JJJJJJ        8888888888   222222222222                                            ZZZZZZZZZZZZ


****Z   END   JOB   82  PRG06                           ROOM        1.48.54 AM 30 APR 24  PRINTER2  SYS TK5R  JOB   82   END   Z****
****Z   END   JOB   82  PRG06                           ROOM        1.48.54 AM 30 APR 24  PRINTER2  SYS TK5R  JOB   82   END   Z****
****Z   END   JOB   82  PRG06                           ROOM        1.48.54 AM 30 APR 24  PRINTER2  SYS TK5R  JOB   82   END   Z****
****Z   END   JOB   82  PRG06                           ROOM        1.48.54 AM 30 APR 24  PRINTER2  SYS TK5R  JOB   82   END   Z****

