                                     PPPPPPPPPPPP  RRRRRRRRRRRR  GGGGGGGGGGGG   0000000000        4444
                                    PP        PP  RR        RR  GG        GG  00      0000      44 44
                                   PP        PP  RR        RR  GG            00     00 00     44  44
                                  PP        PP  RR        RR  GG            00    00  00    44   44
                                 PPPPPPPPPPPP  RRRRRRRRRRRR  GG            00   00   00   44444444444
                                PPPPPPPPPPP   RRRRRRRRRRR   GG     GGGGG  00  00    00  444444444444
                               PP            RR    RR      GG     GGGGG  00 00     00         44
                              PP            RR     RR     GG        GG  0000      00         44
                             PP            RR      RR    GG        GG  000       00         44
                            PP            RR       RR   GGGGGGGGGGGG   0000000000          44
                           PP            RR        RR   GGGGGGGGGG     00000000           44



                    JJJJJJJJJJ  777777777777   9999999999                                             ZZZZZZZZZZZZ
                    JJJJJJJJJJ  77777777777   999999999999                                            ZZZZZZZZZZZZ
                        JJ      77      77    99        99                                                     ZZ
                        JJ             77     99        99                                                    ZZ
                        JJ            77      99        99                                                   ZZ
                        JJ           77       999999999999                                               ZZZZZZZ
                        JJ           77       999999999999                                               ZZZZZZZ
                        JJ           77                 99                                                ZZ
                  JJ    JJ           77                 99                                               ZZ
                  JJ    JJ           77       99        99                                              ZZ
                  JJJJJJJJ           77       999999999999                                             ZZZZZZZZZZZ
                   JJJJJJ            77        9999999999                                             ZZZZZZZZZZZZ


****Z  START  JOB   79  PRG04                           ROOM        1.39.24 AM 30 APR 24  PRINTER2  SYS TK5R  JOB   79  START  Z****
****Z  START  JOB   79  PRG04                           ROOM        1.39.24 AM 30 APR 24  PRINTER2  SYS TK5R  JOB   79  START  Z****
****Z  START  JOB   79  PRG04                           ROOM        1.39.24 AM 30 APR 24  PRINTER2  SYS TK5R  JOB   79  START  Z****
****Z  START  JOB   79  PRG04                           ROOM        1.39.24 AM 30 APR 24  PRINTER2  SYS TK5R  JOB   79  START  Z****
                                                J E S 2   J O B   L O G


 1.39.23 JOB   79  IEF677I WARNING MESSAGE(S) FOR JOB PRG04    ISSUED
 1.39.23 JOB   79  $HASP373 PRG04    STARTED - INIT  1 - CLASS A - SYS TK5R
 1.39.23 JOB   79  IEF403I PRG04 - STARTED - TIME=01.39.23
 1.39.23 JOB   79  IEFACTRT - Stepname  Procstep  Program   Retcode
 1.39.23 JOB   79  PRG04      ASMFCLG   ASM       IFOX00    RC= 0000
 1.39.23 JOB   79  PRG04      ASMFCLG   LKED      IEWL      RC= 0000
 1.39.24 JOB   79  +PRG04 - BEGIN SORT OPERATION
 1.39.24 JOB   79  +PRG04 - SORT OPERATION COMPLETED
 1.39.24 JOB   79  PRG04      ASMFCLG   GO        PGM=*.DD  RC= 0000
 1.39.24 JOB   79  IEF404I PRG04 - ENDED - TIME=01.39.24
 1.39.24 JOB   79  $HASP395 PRG04    ENDED


------ JES2 JOB STATISTICS ------


 30 APR 24 JOB EXECUTION DATE


        63 CARDS READ


       324 SYSOUT PRINT RECORDS


        11 SYSOUT PUNCH RECORDS


      0.01 MINUTES EXECUTION TIME
    1     //PRG04   JOB CLASS=A,MSGCLASS=Z,TIME=(0,1),                            JOB   79
          //            USER=HERC01,PASSWORD=         GENERATED BY IKJEFF10
    2     //ASMFCLG  EXEC ASMFCLG                                                 00000200
    3     XXASMFCLG  PROC MAC='SYS1.MACLIB',MAC1='SYS1.MACLIB',                   00000100
          XX         MAC2='SYS1.MACLIB',MAC3='SYS1.MACLIB',SOUT='*'               00000200
    4     XXASM      EXEC PGM=IFOX00,PARM=OBJ,REGION=128K                         00000300
    5     XXSYSLIB   DD   DSN=&MAC,DISP=SHR                                       00000400
    6     XX         DD   DSN=&MAC1,DISP=SHR                                      00000500
    7     XX         DD   DSN=&MAC2,DISP=SHR                                      00000600
    8     XX         DD   DSN=&MAC3,DISP=SHR                                      00000700
    9     XXSYSUT1   DD   DSN=&&SYSUT1,UNIT=SYSSQ,SPACE=(1700,(600,100)),         00000800
          XX             SEP=(SYSLIB)                                             00000900
   10     XXSYSUT2   DD   DSN=&&SYSUT2,UNIT=SYSSQ,SPACE=(1700,(300,50)),          00001000
          XX             SEP=(SYSLIB,SYSUT1)                                      00001100
   11     XXSYSUT3   DD   DSN=&&SYSUT3,UNIT=SYSSQ,SPACE=(1700,(300,50))           00001200
   12     XXSYSPRINT DD   SYSOUT=&SOUT,DCB=BLKSIZE=1089                           00001300
   13     XXSYSPUNCH DD   SYSOUT=B                                                00001400
   14     XXSYSGO    DD   DSN=&&OBJSET,UNIT=SYSSQ,SPACE=(80,(200,50)),            00001500
          XX             DISP=(MOD,PASS)                                          00001600
   15     //ASM.SYSIN    DD *                                                     00000300
   16     XXLKED     EXEC PGM=IEWL,PARM=(XREF,LET,LIST,NCAL),REGION=128K,         00001700
          XX             COND=(8,LT,ASM)                                          00001800
   17     XXSYSLIN   DD   DSN=&&OBJSET,DISP=(OLD,DELETE)                          00001900
   18     XX         DD   DDNAME=SYSIN                                            00002000
   19     XXSYSLMOD  DD   DSN=&&GOSET(GO),UNIT=SYSDA,SPACE=(1024,(50,20,1)),      00002100
          XX             DISP=(MOD,PASS)                                          00002200
   20     XXSYSUT1   DD   DSN=&&SYSUT1,UNIT=(SYSDA,SEP=(SYSLIN,SYSLMOD)),         00002300
          XX             SPACE=(1024,(50,20))                                     00002400
   21     XXSYSPRINT DD   SYSOUT=&SOUT                                            00002500
   22     XXGO       EXEC PGM=*.LKED.SYSLMOD,COND=((8,LT,ASM),(4,LT,LKED))        00002600
   23     //GO.SNAPDUMP DD   SYSOUT=Z                                             00006200
 STMT NO. MESSAGE
-
    5     IEF653I SUBSTITUTION JCL - DSN=SYS1.MACLIB,DISP=SHR
    6     IEF653I SUBSTITUTION JCL - DSN=SYS1.MACLIB,DISP=SHR
    7     IEF653I SUBSTITUTION JCL - DSN=SYS1.MACLIB,DISP=SHR
    8     IEF653I SUBSTITUTION JCL - DSN=SYS1.MACLIB,DISP=SHR
   12     IEF653I SUBSTITUTION JCL - SYSOUT=*,DCB=BLKSIZE=1089
   21     IEF653I SUBSTITUTION JCL - SYSOUT=*
   22     IEF686I DDNAME REFERRED TO ON DDNAME KEYWORD IN PRIOR STEP WAS NOT RESOLVED
IEF236I ALLOC. FOR PRG04 ASM ASMFCLG
IEF237I 390  ALLOCATED TO SYSLIB
IEF237I 390  ALLOCATED TO
IEF237I 390  ALLOCATED TO
IEF237I 390  ALLOCATED TO
IEF237I 292  ALLOCATED TO SYSUT1
IEF237I 293  ALLOCATED TO SYSUT2
IEF237I 291  ALLOCATED TO SYSUT3
IEF237I JES2 ALLOCATED TO SYSPRINT
IEF237I JES2 ALLOCATED TO SYSPUNCH
IEF237I 290  ALLOCATED TO SYSGO
IEF237I JES2 ALLOCATED TO SYSIN
IEF142I PRG04 ASM ASMFCLG - STEP WAS EXECUTED - COND CODE 0000
IEF285I   SYS1.MACLIB                                  KEPT          *-------32
IEF285I   VOL SER NOS= TK5RES.
IEF285I   SYS1.MACLIB                                  KEPT          *--------0
IEF285I   VOL SER NOS= TK5RES.
IEF285I   SYS1.MACLIB                                  KEPT          *--------0
IEF285I   VOL SER NOS= TK5RES.
IEF285I   SYS1.MACLIB                                  KEPT          *--------0
IEF285I   VOL SER NOS= TK5RES.
IEF285I   SYS24121.T013923.RA000.PRG04.SYSUT1          DELETED       *------238
IEF285I   VOL SER NOS= WORK03.
IEF285I   SYS24121.T013923.RA000.PRG04.SYSUT2          DELETED       *-------39
IEF285I   VOL SER NOS= WORK04.
IEF285I   SYS24121.T013923.RA000.PRG04.SYSUT3          DELETED       *--------8
IEF285I   VOL SER NOS= WORK02.
IEF285I   JES2.JOB00079.SO0102                         SYSOUT
IEF285I   JES2.JOB00079.SO0103                         SYSOUT
IEF285I   SYS24121.T013923.RA000.PRG04.OBJSET          PASSED        *-------11
IEF285I   VOL SER NOS= WORK01.
IEF285I   JES2.JOB00079.SI0101                         SYSIN
IEF373I STEP /ASM     / START 24121.0139
IEF374I STEP /ASM     / STOP  24121.0139 CPU    0MIN 00.31SEC SRB    0MIN 00.02SEC VIRT   128K SYS   204K
************************************************************************************************************************************
*     1. Jobstep of job: PRG04       Stepname: ASM         Program name: IFOX00     Executed on 30.04.24 from 01.39.23 to 01.39.23 *
*         elapsed time  00:00:00,48                      CPU-Identifier:  TK5R           Page-in:      0                           *
*             CPU time  00:00:00,33               Virtual Storage used:    128K         Page-out:      0                           *
*           corr. CPU:  00:00:00,33   CPU time has been corrected by  1 / 1,0  multiplier                                          *
*                                                                                                                                  *
*     I/O Operation                                                                                                                *
*     Number of records read via DD * or DD DATA:     57                                                                           *
*     390......32 390.......0 390.......0 390.......0 292.....238 293......39 291.......8 DMY.......0 DMY.......0 290......11      *
*     DMY.......0                                                                                                                  *
*                                                                                                                                  *
*                                          Charge for step (w/o SYSOUT):          0,55                                             *
************************************************************************************************************************************
IEF236I ALLOC. FOR PRG04 LKED ASMFCLG
IEF237I 290  ALLOCATED TO SYSLIN
IEF237I DMY  ALLOCATED TO
IEF237I 292  ALLOCATED TO SYSLMOD
IEF237I 293  ALLOCATED TO SYSUT1
IEF237I JES2 ALLOCATED TO SYSPRINT
IEF142I PRG04 LKED ASMFCLG - STEP WAS EXECUTED - COND CODE 0000
IEF285I   SYS24121.T013923.RA000.PRG04.OBJSET          DELETED       *-------12
IEF285I   VOL SER NOS= WORK01.
IEF285I   SYS24121.T013923.RA000.PRG04.GOSET           PASSED        *-------10
IEF285I   VOL SER NOS= WORK03.
IEF285I   SYS24121.T013923.RA000.PRG04.SYSUT1          DELETED       *--------0
IEF285I   VOL SER NOS= WORK04.
IEF285I   JES2.JOB00079.SO0104                         SYSOUT
IEF373I STEP /LKED    / START 24121.0139
IEF374I STEP /LKED    / STOP  24121.0139 CPU    0MIN 00.02SEC SRB    0MIN 00.00SEC VIRT   128K SYS   204K
************************************************************************************************************************************
*     2. Jobstep of job: PRG04       Stepname: LKED        Program name: IEWL       Executed on 30.04.24 from 01.39.23 to 01.39.23 *
*         elapsed time  00:00:00,06                      CPU-Identifier:  TK5R           Page-in:      0                           *
*             CPU time  00:00:00,02               Virtual Storage used:    128K         Page-out:      0                           *
*           corr. CPU:  00:00:00,02   CPU time has been corrected by  1 / 1,0  multiplier                                          *
*                                                                                                                                  *
*     I/O Operation                                                                                                                *
*     Number of records read via DD * or DD DATA:      0                                                                           *
*     290......12 DMY.......0 292......10 293.......0 DMY.......0                                                                  *
*                                                                                                                                  *
*                                          Charge for step (w/o SYSOUT):          0,03                                             *
************************************************************************************************************************************
IEF236I ALLOC. FOR PRG04 GO ASMFCLG
IEF237I 292  ALLOCATED TO PGM=*.DD
IEF237I JES2 ALLOCATED TO SNAPDUMP
PRG04 - BEGIN SORT OPERATION
PRG04 - SORT OPERATION COMPLETED
IEF142I PRG04 GO ASMFCLG - STEP WAS EXECUTED - COND CODE 0000
IEF285I   SYS24121.T013923.RA000.PRG04.GOSET           KEPT          *--------0
IEF285I   VOL SER NOS= WORK03.
IEF285I   JES2.JOB00079.SO0105                         SYSOUT
IEF373I STEP /GO      / START 24121.0139
IEF374I STEP /GO      / STOP  24121.0139 CPU    0MIN 00.01SEC SRB    0MIN 00.00SEC VIRT     8K SYS   200K
************************************************************************************************************************************
*     3. Jobstep of job: PRG04       Stepname: GO          Program name: PGM=*.DD   Executed on 30.04.24 from 01.39.23 to 01.39.24 *
*         elapsed time  00:00:00,02                      CPU-Identifier:  TK5R           Page-in:      0                           *
*             CPU time  00:00:00,01               Virtual Storage used:      8K         Page-out:      0                           *
*           corr. CPU:  00:00:00,01   CPU time has been corrected by  1 / 1,0  multiplier                                          *
*                                                                                                                                  *
*     I/O Operation                                                                                                                *
*     Number of records read via DD * or DD DATA:      0                                                                           *
*     292.......0 DMY.......0                                                                                                      *
*                                                                                                                                  *
*                                          Charge for step (w/o SYSOUT):          0,01                                             *
************************************************************************************************************************************
IEF237I 292  ALLOCATED TO SYS00001
IEF285I   SYS24121.T013924.RA000.PRG04.R0000001        KEPT          *--------0
IEF285I   VOL SER NOS= WORK03.
IEF285I   SYS24121.T013923.RA000.PRG04.GOSET           DELETED
IEF285I   VOL SER NOS= WORK03.
IEF375I  JOB /PRG04   / START 24121.0139
IEF376I  JOB /PRG04   / STOP  24121.0139 CPU    0MIN 00.34SEC SRB    0MIN 00.02SEC
                                               EXTERNAL SYMBOL DICTIONARY                                      PAGE    1


SYMBOL   TYPE  ID   ADDR  LENGTH LDID                                                            ASM 0201 01.39 04/30/24

BEGIN     SD  0001 000000 0001EC                                                                                                               PAGE    2


  LOC  OBJECT CODE    ADDR1 ADDR2  STMT   SOURCE STATEMENT                                       ASM 0201 01.39 04/30/24

                                      1          PRINT NOGEN                                                    00000400
000000                                2 BEGIN    CSECT                                                          00000500
                                      3          SAVE  (14,12)       SAVE CALLER'S REGISTERS                    00000600
000004 05C0                           6          BALR  12,0          SET BASE REGISTER'S VALUE                  00000700
                            00006     7          USING *,12                                                     00000800
000006 50D0 C146      0014C           8          ST    13,SAVE+4     SAVE CALLER'S SAVE AREA ADDRESS            00000900
                                      9          OPEN  (SNAPPR,OUTPUT)                                          00001000
                                     15          WTO   'PRG04 - BEGIN SORT OPERATION'                           00001100
00003E 45B0 C082      00088          23          BAL   11,SORT       DO BUBBLE SORT                             00001200
                                     24          WTO   'PRG04 - SORT OPERATION COMPLETED'                       00001300
                                     32          CLOSE SNAPPR                                                   00001400
00007A 58D0 C146      0014C          38          L     13,SAVE+4     GET CALLER'S SAVE AREA ADDRESS             00001500
                                     39          RETURN (14,12),RC=0 RESTORE THE CALLER'S REGISTERS             00001600
                                     43 *                                                                       00001700
                                     44 * BUBBLE SORT SUBROUTINE                                                00001800
                                     45 *                                                                       00001900
                                     46 SORT     SNAP  DCB=SNAPPR,PDATA=(PSW,REGS),STORAGE=(NUMBERS,SAVE)       00002000
0000B2 1722                          66          XR    2,2           RESET TOTAL ITERATIONS COUNTER             00002100
0000B4 4190 C11A      00120          67 SCAN     LA    9,NUMBERS     LIST'S ADDRESS                             00002200
0000B8 17AA                          68          XR    10,10         RESET EXCHANGE FLAG                        00002300
0000BA 4130 0009      00009          69          LA    3,NM1         LOOP COUNT                                 00002400
0000BE 5809 0000      00000          70 LOOP     L     0,0(9)        NUMBER FROM THE LIST                       00002500
0000C2 5819 0004      00004          71          L     1,4(9)        NEXT NUMBER                                00002600
0000C6 1901                          72          CR    0,1           COMPARE ADJACENT NUMBERS                   00002700
0000C8 4780 C0D6      000DC          73          BE    CONT          CONTINUE IF EQUAL                          00002800
0000CC 4740 C0D6      000DC          74          BL    CONT          CONTINUE IF GREATER                        00002900
0000D0 5009 0004      00004          75          ST    0,4(9)        EXCHANGE NUMBERS                           00003000
0000D4 5019 0000      00000          76          ST    1,0(9)                                                   00003100
0000D8 58A0 C1E2      001E8          77          L     10,=F'1'      SET THE EXCHANGE FLAG                      00003200
0000DC 4199 0004      00004          78 CONT     LA    9,4(9)        ADVANCE ADDRESS TO THE NEXT NUMBER         00003300
0000E0 5B30 C1E2      001E8          79          S     3,=F'1'       DECREMENT COUNTER                          00003400
0000E4 4770 C0B8      000BE          80          BNZ   LOOP          CONTINUE SCANNING THE LIST                 00003500
0000E8 5A20 C1E2      001E8          81          A     2,=F'1'       INCREMENT ITERATIONS                       00003600
0000EC 14AA                          82          NR    10,10         TEST THE EXCHGANGE FLAG                    00003700
0000EE 4770 C0AE      000B4          83          BNZ   SCAN          IF SET CONTINUE THE SORT                   00003800
                                     84          SNAP  DCB=SNAPPR,PDATA=(PSW,REGS),STORAGE=(NUMBERS,SAVE)       00003900
00011E 07FB                         104          BR    11            RETURN TO CALLER                           00004000
                                    105 *                                                                       00004100
000120                              106          CNOP  0,4                                                      00004200
000120 0000000A                     107 NUMBERS  DC    F'10'                                                    00004300
000124 00000009                     108          DC    F'9'                                                     00004400
000128 00000008                     109          DC    F'8'                                                     00004500
00012C 00000007                     110          DC    F'7'                                                     00004600
000130 00000006                     111          DC    F'6'                                                     00004700
000134 00000005                     112          DC    F'5'                                                     00004800
000138 00000004                     113          DC    F'4'                                                     00004900
00013C 00000003                     114          DC    F'3'                                                     00005000
000140 00000002                     115          DC    F'2'                                                     00005100
000144 00000001                     116          DC    F'1'                                                     00005200
                                    117 *                                                                       00005300
000148                              118 SAVE     DS    18F           SAVE AREA STORAGE                          00005400
                            0000A   119 N        EQU   (SAVE-NUMBERS)/4                                         00005500
                            00009   120 NM1      EQU   N-1                                                      00005600
                                    121 *                                                                       00005700
                                    122 SNAPPR  DCB   DSORG=PS,RECFM=VBA,MACRF=(W),BLKSIZE=882,LRECL=125,      X00005800                                                                                                               PAGE    3


  LOC  OBJECT CODE    ADDR1 ADDR2  STMT   SOURCE STATEMENT                                       ASM 0201 01.39 04/30/24

                                                       DDNAME=SNAPDUMP                                          00005900
000000                              173         END   BEGIN                                                     00006000
0001E8 00000001                     174                =F'1'                                                  RELOCATION DICTIONARY                                        PAGE    4


POS.ID   REL.ID   FLAGS   ADDRESS                                                                ASM 0201 01.39 04/30/24

 0001     0001      08     000011
 0001     0001      08     000075
 0001     0001      0C     000094
 0001     0001      0C     00009C
 0001     0001      0C     0000A4
 0001     0001      0C     0000A8
 0001     0001      0C     000100
 0001     0001      0C     000108
 0001     0001      0C     000110
 0001     0001      0C     000114
                                                  CROSS-REFERENCE                                              PAGE    5


SYMBOL    LEN   VALUE   DEFN    REFERENCES                                                       ASM 0201 01.39 04/30/24

BEGIN    00001 00000000 00002  00173
CONT     00004 000000DC 00078  00073 00074
IHB0003A 00002 0000003C 00021  00017
IHB0004A 00002 0000006C 00030  00026
IHB0007  00002 000000AC 00063  00049
IHB0008  00002 00000118 00101  00087
LOOP     00004 000000BE 00070  00080
N        00004 0000000A 00119  00120
NM1      00004 00000009 00120  00069
NUMBERS  00004 00000120 00107  00061 00067 00099 00119
SAVE     00004 00000148 00118  00008 00038 00062 00100 00119
SCAN     00004 000000B4 00067  00083
SNAPPR   00004 00000190 00126  00013 00036 00057 00095
SORT     00004 00000088 00049  00023                                                  LITERAL CROSS-REFERENCE                                      PAGE    6


SYMBOL    LEN   VALUE   DEFN    REFERENCES                                                       ASM 0201 01.39 04/30/24

=F'1'    00004 000001E8 00174  00077 00079 00081                                                  ASSEMBLER DIAGNOSTICS AND STATISTICS                         PAGE    7


                                                                                                 ASM 0201 01.39 04/30/24

NO STATEMENTS FLAGGED IN THIS ASSEMBLY
HIGHEST SEVERITY WAS    0
OPTIONS FOR THIS ASSEMBLY
  ALIGN, ALOGIC, BUFSIZE(STD), DECK, ESD, FLAG(0), LINECOUNT(55), LIST, NOMCALL, YFLAG, WORKSIZE(2097152)
  NOMLOGIC, NONUMBER, OBJECT, NORENT, RLD, NOSTMT, NOLIBMAC, NOTERMINAL, NOTEST, XREF(SHORT)
  SYSPARM()
WORK FILE BUFFER SIZE/NUMBER = 7678/ 1
TOTAL RECORDS READ FROM SYSTEM INPUT         57
TOTAL RECORDS READ FROM SYSTEM LIBRARY     4621
TOTAL RECORDS PUNCHED                        11
TOTAL RECORDS PRINTED                       110
 F64-LEVEL LINKAGE EDITOR OPTIONS SPECIFIED XREF,LET,LIST,NCAL
          DEFAULT OPTION(S) USED -  SIZE=(98304,55296)



                                                CROSS REFERENCE TABLE


  CONTROL SECTION                       ENTRY

    NAME    ORIGIN  LENGTH                NAME   LOCATION     NAME   LOCATION     NAME   LOCATION     NAME   LOCATION
  BEGIN         00     1EC




  LOCATION  REFERS TO SYMBOL  IN CONTROL SECTION             LOCATION  REFERS TO SYMBOL  IN CONTROL SECTION

 ENTRY ADDRESS       00

 TOTAL LENGTH       1F0
****GO        DOES NOT EXIST BUT HAS BEEN ADDED TO DATA SET
AUTHORIZATION CODE IS         0.
JOB PRG04            STEP GO              TIME 013924   DATE 24121                CPUID = FD0006113033       PAGE 0001

PSW AT ENTRY TO SNAP   078D1000 000A5EC2        ILC 2   INTC 0033


REGS AT ENTRY TO SNAP

     FLTR 0-6      0000000000000000      0000000000000000              0000000000000000      0000000000000000

     REGS 0-7      00000084   800A5E9C   00000040   009B0634           009B0610   009BC7B0   00992018   FD000000
     REGS 8-15     009BC968   809BC310   00000000   800A5E52           400A5E16   000A4FB0   00015CC0   00000000

-STORAGE

0A5F20                                          0000000A 00000009 00000008 00000007   *                ................*
0A5F40   00000006 00000005 00000004 00000003    00000002 00000001 00000000            *............................    *
JOB PRG04            STEP GO              TIME 013924   DATE 24121                                          PAGE 0002

                   DUMP INDEX
                   ----------

 DATA AREAS                           PAGE NUMBER
-----------                           -----------

 REGISTERS.............................  0001
 STORAGE AREAS.........................  0001

END OF DUMPJOB PRG04            STEP GO              TIME 013924   DATE 24121                CPUID = FD0006113033       PAGE 0001

PSW AT ENTRY TO SNAP   078D1000 000A5F2E        ILC 2   INTC 0033


REGS AT ENTRY TO SNAP

     FLTR 0-6      0000000000000000      0000000000000000              0000000000000000      0000000000000000

     REGS 0-7      00000009   800A5F08   0000000A   00000000           009B0610   009BC7B0   00992018   FD000000
     REGS 8-15     009BC968   000A5F54   00000000   800A5E52           400A5E16   000A4FB0   00015CC0   00000000

-STORAGE

0A5F20                                          00000001 00000002 00000003 00000004   *                ................*
0A5F40   00000005 00000006 00000007 00000008    00000009 0000000A 00000000            *............................    *
JOB PRG04            STEP GO              TIME 013924   DATE 24121                                          PAGE 0002

                   DUMP INDEX
                   ----------

 DATA AREAS                           PAGE NUMBER
-----------                           -----------

 REGISTERS.............................  0001
 STORAGE AREAS.........................  0001

END OF DUMP                                      PPPPPPPPPPP   RRRRRRRRRRR    GGGGGGGGGG     00000000          444
                                     PPPPPPPPPPPP  RRRRRRRRRRRR  GGGGGGGGGGGG   0000000000        4444
                                    PP        PP  RR        RR  GG        GG  00      0000      44 44
                                   PP        PP  RR        RR  GG            00     00 00     44  44
                                  PP        PP  RR        RR  GG            00    00  00    44   44
                                 PPPPPPPPPPPP  RRRRRRRRRRRR  GG            00   00   00   44444444444
                                PPPPPPPPPPP   RRRRRRRRRRR   GG     GGGGG  00  00    00  444444444444
                               PP            RR    RR      GG     GGGGG  00 00     00         44
                              PP            RR     RR     GG        GG  0000      00         44
                             PP            RR      RR    GG        GG  000       00         44
                            PP            RR       RR   GGGGGGGGGGGG   0000000000          44
                           PP            RR        RR   GGGGGGGGGG     00000000           44



                    JJJJJJJJJJ  777777777777   9999999999                                             ZZZZZZZZZZZZ
                    JJJJJJJJJJ  77777777777   999999999999                                            ZZZZZZZZZZZZ
                        JJ      77      77    99        99                                                     ZZ
                        JJ             77     99        99                                                    ZZ
                        JJ            77      99        99                                                   ZZ
                        JJ           77       999999999999                                               ZZZZZZZ
                        JJ           77       999999999999                                               ZZZZZZZ
                        JJ           77                 99                                                ZZ
                  JJ    JJ           77                 99                                               ZZ
                  JJ    JJ           77       99        99                                              ZZ
                  JJJJJJJJ           77       999999999999                                             ZZZZZZZZZZZ
                   JJJJJJ            77        9999999999                                             ZZZZZZZZZZZZ


****Z   END   JOB   79  PRG04                           ROOM        1.39.24 AM 30 APR 24  PRINTER2  SYS TK5R  JOB   79   END   Z****
****Z   END   JOB   79  PRG04                           ROOM        1.39.24 AM 30 APR 24  PRINTER2  SYS TK5R  JOB   79   END   Z****
****Z   END   JOB   79  PRG04                           ROOM        1.39.24 AM 30 APR 24  PRINTER2  SYS TK5R  JOB   79   END   Z****
****Z   END   JOB   79  PRG04                           ROOM        1.39.24 AM 30 APR 24  PRINTER2  SYS TK5R  JOB   79   END   Z****

