                                     PPPPPPPPPPPP  RRRRRRRRRRRR  GGGGGGGGGGGG   0000000000   333333333333
                                    PP        PP  RR        RR  GG        GG  00      0000  33        33
                                   PP        PP  RR        RR  GG            00     00 00            33
                                  PP        PP  RR        RR  GG            00    00  00            33
                                 PPPPPPPPPPPP  RRRRRRRRRRRR  GG            00   00   00         3333
                                PPPPPPPPPPP   RRRRRRRRRRR   GG     GGGGG  00  00    00         3333
                               PP            RR    RR      GG     GGGGG  00 00     00            33
                              PP            RR     RR     GG        GG  0000      00            33
                             PP            RR      RR    GG        GG  000       00  33        33
                            PP            RR       RR   GGGGGGGGGGGG   0000000000   333333333333
                           PP            RR        RR   GGGGGGGGGG     00000000     3333333333



                    JJJJJJJJJJ  777777777777   8888888888                                             ZZZZZZZZZZZZ
                    JJJJJJJJJJ  77777777777   888888888888                                            ZZZZZZZZZZZZ
                        JJ      77      77    88        88                                                     ZZ
                        JJ             77     88        88                                                    ZZ
                        JJ            77       88      88                                                    ZZ
                        JJ           77         88888888                                                 ZZZZZZZ
                        JJ           77         88888888                                                 ZZZZZZZ
                        JJ           77        88      88                                                 ZZ
                  JJ    JJ           77       88        88                                               ZZ
                  JJ    JJ           77       88        88                                              ZZ
                  JJJJJJJJ           77       888888888888                                             ZZZZZZZZZZZ
                   JJJJJJ            77        8888888888                                             ZZZZZZZZZZZZ


****Z  START  JOB   78  PRG03                           ROOM        1.38.06 AM 30 APR 24  PRINTER2  SYS TK5R  JOB   78  START  Z****
****Z  START  JOB   78  PRG03                           ROOM        1.38.06 AM 30 APR 24  PRINTER2  SYS TK5R  JOB   78  START  Z****
****Z  START  JOB   78  PRG03                           ROOM        1.38.06 AM 30 APR 24  PRINTER2  SYS TK5R  JOB   78  START  Z****
****Z  START  JOB   78  PRG03                           ROOM        1.38.06 AM 30 APR 24  PRINTER2  SYS TK5R  JOB   78  START  Z****
                                                J E S 2   J O B   L O G


 1.38.06 JOB   78  $HASP373 PRG03    STARTED - INIT  1 - CLASS A - SYS TK5R
 1.38.06 JOB   78  IEF403I PRG03 - STARTED - TIME=01.38.06
 1.38.06 JOB   78  IEFACTRT - Stepname  Procstep  Program   Retcode
 1.38.06 JOB   78  PRG03      ASMFCG    ASM       IFOX00    RC= 0000
 1.38.06 JOB   78  +MESSAGE FOR THE OPERATOR
 1.38.06 JOB   78  PRG03      ASMFCG    GO        LOADER    RC= 0000
 1.38.06 JOB   78  IEF404I PRG03 - ENDED - TIME=01.38.06
 1.38.06 JOB   78  $HASP395 PRG03    ENDED


------ JES2 JOB STATISTICS ------


 30 APR 24 JOB EXECUTION DATE


        16 CARDS READ


       168 SYSOUT PRINT RECORDS


         4 SYSOUT PUNCH RECORDS


      0.00 MINUTES EXECUTION TIME
    1     //PRG03   JOB CLASS=A,MSGCLASS=Z,                                       JOB   78
          //            USER=HERC01,PASSWORD=         GENERATED BY IKJEFF10
    2     //ASMFCG  EXEC ASMFCG PARM.ASM=(OBJ,NODECK)                             00000200
    3     XXASMFCG   PROC MAC='SYS1.MACLIB',MAC1='SYS1.MACLIB',                   00000100
          XX         MAC2='SYS1.MACLIB',MAC3='SYS1.MACLIB',SOUT='*'               00000200
    4     XXASM      EXEC PGM=IFOX00,PARM=OBJ,REGION=128K                         00000300
    5     XXSYSLIB   DD   DSN=&MAC,DISP=SHR                                       00000400
    6     XX         DD   DSN=&MAC1,DISP=SHR                                      00000500
    7     XX         DD   DSN=&MAC2,DISP=SHR                                      00000600
    8     XX         DD   DSN=&MAC3,DISP=SHR                                      00000700
    9     XXSYSUT1   DD   DSN=&&SYSUT1,UNIT=SYSSQ,SPACE=(1700,(600,100)),         00000800
          XX             SEP=(SYSLIB)                                             00000900
   10     XXSYSUT2   DD   DSN=&&SYSUT2,UNIT=SYSSQ,SPACE=(1700,(300,50)),          00001000
          XX             SEP=(SYSLIB,SYSUT1)                                      00001100
   11     XXSYSUT3   DD   DSN=&&SYSUT3,UNIT=SYSSQ,SPACE=(1700,(300,50))           00001200
   12     XXSYSPRINT DD   SYSOUT=&SOUT,DCB=BLKSIZE=1089                           00001300
   13     XXSYSPUNCH DD   SYSOUT=B                                                00001400
   14     XXSYSGO    DD   DSN=&&OBJSET,UNIT=SYSSQ,SPACE=(80,(200,50)),            00001500
          XX             DISP=(MOD,PASS)                                          00001600
   15     //ASM.SYSIN    DD *                                                     00000300
   16     XXGO       EXEC PGM=LOADER,PARM='MAP,PRINT,NOCALL,LET',                 00001700
          XX             COND=(8,LT,ASM)                                          00001800
   17     XXSYSLIN   DD   DSN=&&OBJSET,DISP=(OLD,DELETE)                          00001900
   18     XXSYSLOUT  DD   SYSOUT=&SOUT                                            00002000
 STMT NO. MESSAGE
-
    5     IEF653I SUBSTITUTION JCL - DSN=SYS1.MACLIB,DISP=SHR
    6     IEF653I SUBSTITUTION JCL - DSN=SYS1.MACLIB,DISP=SHR
    7     IEF653I SUBSTITUTION JCL - DSN=SYS1.MACLIB,DISP=SHR
    8     IEF653I SUBSTITUTION JCL - DSN=SYS1.MACLIB,DISP=SHR
   12     IEF653I SUBSTITUTION JCL - SYSOUT=*,DCB=BLKSIZE=1089
   18     IEF653I SUBSTITUTION JCL - SYSOUT=*
IEF236I ALLOC. FOR PRG03 ASM ASMFCG
IEF237I 390  ALLOCATED TO SYSLIB
IEF237I 390  ALLOCATED TO
IEF237I 390  ALLOCATED TO
IEF237I 390  ALLOCATED TO
IEF237I 293  ALLOCATED TO SYSUT1
IEF237I 292  ALLOCATED TO SYSUT2
IEF237I 290  ALLOCATED TO SYSUT3
IEF237I JES2 ALLOCATED TO SYSPRINT
IEF237I JES2 ALLOCATED TO SYSPUNCH
IEF237I 291  ALLOCATED TO SYSGO
IEF237I JES2 ALLOCATED TO SYSIN
IEF142I PRG03 ASM ASMFCG - STEP WAS EXECUTED - COND CODE 0000
IEF285I   SYS1.MACLIB                                  KEPT          *-------13
IEF285I   VOL SER NOS= TK5RES.
IEF285I   SYS1.MACLIB                                  KEPT          *--------0
IEF285I   VOL SER NOS= TK5RES.
IEF285I   SYS1.MACLIB                                  KEPT          *--------0
IEF285I   VOL SER NOS= TK5RES.
IEF285I   SYS1.MACLIB                                  KEPT          *--------0
IEF285I   VOL SER NOS= TK5RES.
IEF285I   SYS24121.T013806.RA000.PRG03.SYSUT1          DELETED       *------124
IEF285I   VOL SER NOS= WORK04.
IEF285I   SYS24121.T013806.RA000.PRG03.SYSUT2          DELETED       *-------17
IEF285I   VOL SER NOS= WORK03.
IEF285I   SYS24121.T013806.RA000.PRG03.SYSUT3          DELETED       *--------8
IEF285I   VOL SER NOS= WORK01.
IEF285I   JES2.JOB00078.SO0102                         SYSOUT
IEF285I   JES2.JOB00078.SO0103                         SYSOUT
IEF285I   SYS24121.T013806.RA000.PRG03.OBJSET          PASSED        *--------4
IEF285I   VOL SER NOS= WORK02.
IEF285I   JES2.JOB00078.SI0101                         SYSIN
IEF373I STEP /ASM     / START 24121.0138
IEF374I STEP /ASM     / STOP  24121.0138 CPU    0MIN 00.14SEC SRB    0MIN 00.01SEC VIRT   128K SYS   204K
************************************************************************************************************************************
*     1. Jobstep of job: PRG03       Stepname: ASM         Program name: IFOX00     Executed on 30.04.24 from 01.38.06 to 01.38.06 *
*         elapsed time  00:00:00,28                      CPU-Identifier:  TK5R           Page-in:      0                           *
*             CPU time  00:00:00,15               Virtual Storage used:    128K         Page-out:      0                           *
*           corr. CPU:  00:00:00,15   CPU time has been corrected by  1 / 1,0  multiplier                                          *
*                                                                                                                                  *
*     I/O Operation                                                                                                                *
*     Number of records read via DD * or DD DATA:     11                                                                           *
*     390......13 390.......0 390.......0 390.......0 293.....124 292......17 290.......8 DMY.......0 DMY.......0 291.......4      *
*     DMY.......0                                                                                                                  *
*                                                                                                                                  *
*                                          Charge for step (w/o SYSOUT):          0,25                                             *
************************************************************************************************************************************
IEF236I ALLOC. FOR PRG03 GO ASMFCG
IEF237I 291  ALLOCATED TO SYSLIN
IEF237I JES2 ALLOCATED TO SYSLOUT
MESSAGE FOR THE OPERATOR
IEF142I PRG03 GO ASMFCG - STEP WAS EXECUTED - COND CODE 0000
IEF285I   SYS24121.T013806.RA000.PRG03.OBJSET          DELETED       *--------5
IEF285I   VOL SER NOS= WORK02.
IEF285I   JES2.JOB00078.SO0104                         SYSOUT
IEF373I STEP /GO      / START 24121.0138
IEF374I STEP /GO      / STOP  24121.0138 CPU    0MIN 00.01SEC SRB    0MIN 00.00SEC VIRT   332K SYS   160K
************************************************************************************************************************************
*     2. Jobstep of job: PRG03       Stepname: GO          Program name: LOADER     Executed on 30.04.24 from 01.38.06 to 01.38.06 *
*         elapsed time  00:00:00,03                      CPU-Identifier:  TK5R           Page-in:      0                           *
*             CPU time  00:00:00,01               Virtual Storage used:    332K         Page-out:      0                           *
*           corr. CPU:  00:00:00,01   CPU time has been corrected by  1 / 1,0  multiplier                                          *
*                                                                                                                                  *
*     I/O Operation                                                                                                                *
*     Number of records read via DD * or DD DATA:      0                                                                           *
*     291.......5 DMY.......0                                                                                                      *
*                                                                                                                                  *
*                                          Charge for step (w/o SYSOUT):          0,01                                             *
************************************************************************************************************************************
IEF375I  JOB /PRG03   / START 24121.0138
IEF376I  JOB /PRG03   / STOP  24121.0138 CPU    0MIN 00.15SEC SRB    0MIN 00.01SEC
                                               EXTERNAL SYMBOL DICTIONARY                                      PAGE    1


SYMBOL   TYPE  ID   ADDR  LENGTH LDID                                                            ASM 0201 01.38 04/30/24

BEGIN     SD  0001 000000 000084                                                                                                               PAGE    2


  LOC  OBJECT CODE    ADDR1 ADDR2  STMT   SOURCE STATEMENT                                       ASM 0201 01.38 04/30/24

                                      1          PRINT GEN                                                      00000400
000000                                2 BEGIN    CSECT                                                          00000500
                                      3          SAVE  (14,12)       SAVE CALLER'S REGISTERS                    00000600
000000                                4+         DS    0H                                                       01650000
000000 90EC D00C      0000C           5+         STM   14,12,12(13)                      SAVE REGISTERS         02950000
000004 05C0                           6          BALR  12,0          SET BASE REGISTER'S VALUE                  00000700
                            00006     7          USING *,12                                                     00000800
000006 50D0 C03A      00040           8          ST    13,SAVE+4     SAVE CALLER'S SAVE AREA ADDRESS            00000900
                                      9          WTO   'MESSAGE FOR THE OPERATOR'                               00001000
00000A 0700                          10+         CNOP  0,4                                                      00049300
00000C 4510 C026      0002C          11+         BAL   1,IHB0002A                                               00049400
000010 001C                          12+         DC    AL2(28)                 TEXT LENGTH                      00058600
000012 0000                          13+         DC    B'0000000000000000'                                     X00058700
                                       +                                                                       X00058800
                                       +                                       MCS FLAGS                        00058900
000014 D4C5E2E2C1C7C540              14+         DC    C'MESSAGE FOR THE OPERATOR' MESSAGE TEXT                 00059100
00002C                               15+IHB0002A DS    0H                                                       00064300
00002C 0A23                          16+         SVC   035                                                      00064600
00002E 58D0 C03A      00040          17          L     13,SAVE+4     GET CALLER'S SAVE AREA ADDRESS             00001100
                                     18          RETURN (14,12),RC=0 RESTORE THE CALLER'S REGISTERS             00001200
000032 98EC D00C      0000C          19+         LM    14,12,12(13)                      RESTORE THE REGISTERS  00650000
000036 41F0 0000      00000          20+         LA    15,0(0,0)                         LOAD RETURN CODE       01750000
00003A 07FE                          21+         BR    14                                RETURN                 02000000
00003C                               22 SAVE     DS    18F           SAVE AREA STORAGE                          00001300
000000                               23          END   BEGIN                                                    00001400                                                  CROSS-REFERENCE                                              PAGE    3


SYMBOL    LEN   VALUE   DEFN    REFERENCES                                                       ASM 0201 01.38 04/30/24

BEGIN    00001 00000000 00002  00023
IHB0002A 00002 0000002C 00015  00011
SAVE     00004 0000003C 00022  00008 00017                                                  ASSEMBLER DIAGNOSTICS AND STATISTICS                         PAGE    4


                                                                                                 ASM 0201 01.38 04/30/24

NO STATEMENTS FLAGGED IN THIS ASSEMBLY
HIGHEST SEVERITY WAS    0
OPTIONS FOR THIS ASSEMBLY
  ALIGN, ALOGIC, BUFSIZE(STD), DECK, ESD, FLAG(0), LINECOUNT(55), LIST, NOMCALL, YFLAG, WORKSIZE(2097152)
  NOMLOGIC, NONUMBER, OBJECT, NORENT, RLD, NOSTMT, NOLIBMAC, NOTERMINAL, NOTEST, XREF(SHORT)
  SYSPARM()
WORK FILE BUFFER SIZE/NUMBER = 7678/ 1
TOTAL RECORDS READ FROM SYSTEM INPUT         11
TOTAL RECORDS READ FROM SYSTEM LIBRARY     1601
TOTAL RECORDS PUNCHED                         4
TOTAL RECORDS PRINTED                        48                                                      VS LOADER

OPTIONS USED - PRINT,MAP,LET,NOCALL,NORES,NOTERM,SIZE=307200,NAME=**GO


     NAME  TYPE  ADDR        NAME  TYPE  ADDR        NAME  TYPE  ADDR        NAME  TYPE  ADDR        NAME  TYPE  ADDR

  BEGIN      SD  AC010

  TOTAL LENGTH       88
  ENTRY ADDRESS   AC010
                                      PPPPPPPPPPP   RRRRRRRRRRR    GGGGGGGGGG     00000000     3333333333
                                     PPPPPPPPPPPP  RRRRRRRRRRRR  GGGGGGGGGGGG   0000000000   333333333333
                                    PP        PP  RR        RR  GG        GG  00      0000  33        33
                                   PP        PP  RR        RR  GG            00     00 00            33
                                  PP        PP  RR        RR  GG            00    00  00            33
                                 PPPPPPPPPPPP  RRRRRRRRRRRR  GG            00   00   00         3333
                                PPPPPPPPPPP   RRRRRRRRRRR   GG     GGGGG  00  00    00         3333
                               PP            RR    RR      GG     GGGGG  00 00     00            33
                              PP            RR     RR     GG        GG  0000      00            33
                             PP            RR      RR    GG        GG  000       00  33        33
                            PP            RR       RR   GGGGGGGGGGGG   0000000000   333333333333
                           PP            RR        RR   GGGGGGGGGG     00000000     3333333333



                    JJJJJJJJJJ  777777777777   8888888888                                             ZZZZZZZZZZZZ
                    JJJJJJJJJJ  77777777777   888888888888                                            ZZZZZZZZZZZZ
                        JJ      77      77    88        88                                                     ZZ
                        JJ             77     88        88                                                    ZZ
                        JJ            77       88      88                                                    ZZ
                        JJ           77         88888888                                                 ZZZZZZZ
                        JJ           77         88888888                                                 ZZZZZZZ
                        JJ           77        88      88                                                 ZZ
                  JJ    JJ           77       88        88                                               ZZ
                  JJ    JJ           77       88        88                                              ZZ
                  JJJJJJJJ           77       888888888888                                             ZZZZZZZZZZZ
                   JJJJJJ            77        8888888888                                             ZZZZZZZZZZZZ


****Z   END   JOB   78  PRG03                           ROOM        1.38.07 AM 30 APR 24  PRINTER2  SYS TK5R  JOB   78   END   Z****
****Z   END   JOB   78  PRG03                           ROOM        1.38.07 AM 30 APR 24  PRINTER2  SYS TK5R  JOB   78   END   Z****
****Z   END   JOB   78  PRG03                           ROOM        1.38.07 AM 30 APR 24  PRINTER2  SYS TK5R  JOB   78   END   Z****
****Z   END   JOB   78  PRG03                           ROOM        1.38.07 AM 30 APR 24  PRINTER2  SYS TK5R  JOB   78   END   Z****

