                                     PPPPPPPPPPPP  RRRRRRRRRRRR  GGGGGGGGGGGG   0000000000   555555555555
                                    PP        PP  RR        RR  GG        GG  00      0000  55
                                   PP        PP  RR        RR  GG            00     00 00  55
                                  PP        PP  RR        RR  GG            00    00  00  55
                                 PPPPPPPPPPPP  RRRRRRRRRRRR  GG            00   00   00  555555555
                                PPPPPPPPPPP   RRRRRRRRRRR   GG     GGGGG  00  00    00  5555555555
                               PP            RR    RR      GG     GGGGG  00 00     00           55
                              PP            RR     RR     GG        GG  0000      00            55
                             PP            RR      RR    GG        GG  000       00            55
                            PP            RR       RR   GGGGGGGGGGGG   0000000000   555555555555
                           PP            RR        RR   GGGGGGGGGG     00000000    55555555555



                    JJJJJJJJJJ   8888888888     00000000                                              ZZZZZZZZZZZZ
                    JJJJJJJJJJ  888888888888   0000000000                                             ZZZZZZZZZZZZ
                        JJ      88        88  00      0000                                                     ZZ
                        JJ      88        88  00     00 00                                                    ZZ
                        JJ       88      88   00    00  00                                                   ZZ
                        JJ        88888888    00   00   00                                               ZZZZZZZ
                        JJ        88888888    00  00    00                                               ZZZZZZZ
                        JJ       88      88   00 00     00                                                ZZ
                  JJ    JJ      88        88  0000      00                                               ZZ
                  JJ    JJ      88        88  000       00                                              ZZ
                  JJJJJJJJ      888888888888   0000000000                                              ZZZZZZZZZZZ
                   JJJJJJ        8888888888     00000000                                              ZZZZZZZZZZZZ


****Z  START  JOB   80  PRG05                           ROOM        1.40.39 AM 30 APR 24  PRINTER2  SYS TK5R  JOB   80  START  Z****
****Z  START  JOB   80  PRG05                           ROOM        1.40.39 AM 30 APR 24  PRINTER2  SYS TK5R  JOB   80  START  Z****
****Z  START  JOB   80  PRG05                           ROOM        1.40.39 AM 30 APR 24  PRINTER2  SYS TK5R  JOB   80  START  Z****
****Z  START  JOB   80  PRG05                           ROOM        1.40.39 AM 30 APR 24  PRINTER2  SYS TK5R  JOB   80  START  Z****
                                                J E S 2   J O B   L O G


 1.40.38 JOB   80  IEF677I WARNING MESSAGE(S) FOR JOB PRG05    ISSUED
 1.40.38 JOB   80  $HASP373 PRG05    STARTED - INIT  1 - CLASS A - SYS TK5R
 1.40.38 JOB   80  IEF403I PRG05 - STARTED - TIME=01.40.38
 1.40.39 JOB   80  IEFACTRT - Stepname  Procstep  Program   Retcode
 1.40.39 JOB   80  PRG05      ASMFCLG   ASM       IFOX00    RC= 0000
 1.40.39 JOB   80  PRG05      ASMFCLG   LKED      IEWL      RC= 0000
 1.40.39 JOB   80  PRG05      ASMFCLG   GO        PGM=*.DD  RC= 0000
 1.40.39 JOB   80  IEF404I PRG05 - ENDED - TIME=01.40.39
 1.40.39 JOB   80  $HASP395 PRG05    ENDED


------ JES2 JOB STATISTICS ------


 30 APR 24 JOB EXECUTION DATE


       117 CARDS READ


       365 SYSOUT PRINT RECORDS


        10 SYSOUT PUNCH RECORDS


      0.00 MINUTES EXECUTION TIME
    1     //PRG05   JOB CLASS=A,MSGCLASS=Z,TIME=(0,1),                            JOB   80
          //            USER=HERC01,PASSWORD=         GENERATED BY IKJEFF10
    2     //ASMFCLG  EXEC ASMFCLG                                                 00000200
    3     XXASMFCLG  PROC MAC='SYS1.MACLIB',MAC1='SYS1.MACLIB',                   00000100
          XX         MAC2='SYS1.MACLIB',MAC3='SYS1.MACLIB',SOUT='*'               00000200
    4     XXASM      EXEC PGM=IFOX00,PARM=OBJ,REGION=128K                         00000300
    5     XXSYSLIB   DD   DSN=&MAC,DISP=SHR                                       00000400
    6     XX         DD   DSN=&MAC1,DISP=SHR                                      00000500
    7     XX         DD   DSN=&MAC2,DISP=SHR                                      00000600
    8     XX         DD   DSN=&MAC3,DISP=SHR                                      00000700
    9     XXSYSUT1   DD   DSN=&&SYSUT1,UNIT=SYSSQ,SPACE=(1700,(600,100)),         00000800
          XX             SEP=(SYSLIB)                                             00000900
   10     XXSYSUT2   DD   DSN=&&SYSUT2,UNIT=SYSSQ,SPACE=(1700,(300,50)),          00001000
          XX             SEP=(SYSLIB,SYSUT1)                                      00001100
   11     XXSYSUT3   DD   DSN=&&SYSUT3,UNIT=SYSSQ,SPACE=(1700,(300,50))           00001200
   12     XXSYSPRINT DD   SYSOUT=&SOUT,DCB=BLKSIZE=1089                           00001300
   13     XXSYSPUNCH DD   SYSOUT=B                                                00001400
   14     XXSYSGO    DD   DSN=&&OBJSET,UNIT=SYSSQ,SPACE=(80,(200,50)),            00001500
          XX             DISP=(MOD,PASS)                                          00001600
   15     //ASM.SYSIN    DD *                                                     00000300
   16     XXLKED     EXEC PGM=IEWL,PARM=(XREF,LET,LIST,NCAL),REGION=128K,         00001700
          XX             COND=(8,LT,ASM)                                          00001800
   17     XXSYSLIN   DD   DSN=&&OBJSET,DISP=(OLD,DELETE)                          00001900
   18     XX         DD   DDNAME=SYSIN                                            00002000
   19     XXSYSLMOD  DD   DSN=&&GOSET(GO),UNIT=SYSDA,SPACE=(1024,(50,20,1)),      00002100
          XX             DISP=(MOD,PASS)                                          00002200
   20     XXSYSUT1   DD   DSN=&&SYSUT1,UNIT=(SYSDA,SEP=(SYSLIN,SYSLMOD)),         00002300
          XX             SPACE=(1024,(50,20))                                     00002400
   21     XXSYSPRINT DD   SYSOUT=&SOUT                                            00002500
   22     XXGO       EXEC PGM=*.LKED.SYSLMOD,COND=((8,LT,ASM),(4,LT,LKED))        00002600
   23     //GO.SNAPDUMP DD   SYSOUT=Z                                             00011600
 STMT NO. MESSAGE
-
    5     IEF653I SUBSTITUTION JCL - DSN=SYS1.MACLIB,DISP=SHR
    6     IEF653I SUBSTITUTION JCL - DSN=SYS1.MACLIB,DISP=SHR
    7     IEF653I SUBSTITUTION JCL - DSN=SYS1.MACLIB,DISP=SHR
    8     IEF653I SUBSTITUTION JCL - DSN=SYS1.MACLIB,DISP=SHR
   12     IEF653I SUBSTITUTION JCL - SYSOUT=*,DCB=BLKSIZE=1089
   21     IEF653I SUBSTITUTION JCL - SYSOUT=*
   22     IEF686I DDNAME REFERRED TO ON DDNAME KEYWORD IN PRIOR STEP WAS NOT RESOLVED
IEF236I ALLOC. FOR PRG05 ASM ASMFCLG
IEF237I 390  ALLOCATED TO SYSLIB
IEF237I 390  ALLOCATED TO
IEF237I 390  ALLOCATED TO
IEF237I 390  ALLOCATED TO
IEF237I 292  ALLOCATED TO SYSUT1
IEF237I 290  ALLOCATED TO SYSUT2
IEF237I 291  ALLOCATED TO SYSUT3
IEF237I JES2 ALLOCATED TO SYSPRINT
IEF237I JES2 ALLOCATED TO SYSPUNCH
IEF237I 293  ALLOCATED TO SYSGO
IEF237I JES2 ALLOCATED TO SYSIN
IEF142I PRG05 ASM ASMFCLG - STEP WAS EXECUTED - COND CODE 0000
IEF285I   SYS1.MACLIB                                  KEPT          *-------28
IEF285I   VOL SER NOS= TK5RES.
IEF285I   SYS1.MACLIB                                  KEPT          *--------0
IEF285I   VOL SER NOS= TK5RES.
IEF285I   SYS1.MACLIB                                  KEPT          *--------0
IEF285I   VOL SER NOS= TK5RES.
IEF285I   SYS1.MACLIB                                  KEPT          *--------0
IEF285I   VOL SER NOS= TK5RES.
IEF285I   SYS24121.T014038.RA000.PRG05.SYSUT1          DELETED       *------225
IEF285I   VOL SER NOS= WORK03.
IEF285I   SYS24121.T014038.RA000.PRG05.SYSUT2          DELETED       *-------39
IEF285I   VOL SER NOS= WORK01.
IEF285I   SYS24121.T014038.RA000.PRG05.SYSUT3          DELETED       *--------8
IEF285I   VOL SER NOS= WORK02.
IEF285I   JES2.JOB00080.SO0102                         SYSOUT
IEF285I   JES2.JOB00080.SO0103                         SYSOUT
IEF285I   SYS24121.T014038.RA000.PRG05.OBJSET          PASSED        *-------10
IEF285I   VOL SER NOS= WORK04.
IEF285I   JES2.JOB00080.SI0101                         SYSIN
IEF373I STEP /ASM     / START 24121.0140
IEF374I STEP /ASM     / STOP  24121.0140 CPU    0MIN 00.28SEC SRB    0MIN 00.02SEC VIRT   128K SYS   204K
************************************************************************************************************************************
*     1. Jobstep of job: PRG05       Stepname: ASM         Program name: IFOX00     Executed on 30.04.24 from 01.40.38 to 01.40.39 *
*         elapsed time  00:00:00,45                      CPU-Identifier:  TK5R           Page-in:      0                           *
*             CPU time  00:00:00,30               Virtual Storage used:    128K         Page-out:      0                           *
*           corr. CPU:  00:00:00,30   CPU time has been corrected by  1 / 1,0  multiplier                                          *
*                                                                                                                                  *
*     I/O Operation                                                                                                                *
*     Number of records read via DD * or DD DATA:    111                                                                           *
*     390......28 390.......0 390.......0 390.......0 292.....225 290......39 291.......8 DMY.......0 DMY.......0 293......10      *
*     DMY.......0                                                                                                                  *
*                                                                                                                                  *
*                                          Charge for step (w/o SYSOUT):          0,50                                             *
************************************************************************************************************************************
IEF236I ALLOC. FOR PRG05 LKED ASMFCLG
IEF237I 293  ALLOCATED TO SYSLIN
IEF237I DMY  ALLOCATED TO
IEF237I 292  ALLOCATED TO SYSLMOD
IEF237I 291  ALLOCATED TO SYSUT1
IEF237I JES2 ALLOCATED TO SYSPRINT
IEF142I PRG05 LKED ASMFCLG - STEP WAS EXECUTED - COND CODE 0000
IEF285I   SYS24121.T014038.RA000.PRG05.OBJSET          DELETED       *-------11
IEF285I   VOL SER NOS= WORK04.
IEF285I   SYS24121.T014038.RA000.PRG05.GOSET           PASSED        *-------10
IEF285I   VOL SER NOS= WORK03.
IEF285I   SYS24121.T014038.RA000.PRG05.SYSUT1          DELETED       *--------0
IEF285I   VOL SER NOS= WORK02.
IEF285I   JES2.JOB00080.SO0104                         SYSOUT
IEF373I STEP /LKED    / START 24121.0140
IEF374I STEP /LKED    / STOP  24121.0140 CPU    0MIN 00.02SEC SRB    0MIN 00.00SEC VIRT   128K SYS   204K
************************************************************************************************************************************
*     2. Jobstep of job: PRG05       Stepname: LKED        Program name: IEWL       Executed on 30.04.24 from 01.40.39 to 01.40.39 *
*         elapsed time  00:00:00,06                      CPU-Identifier:  TK5R           Page-in:      0                           *
*             CPU time  00:00:00,02               Virtual Storage used:    128K         Page-out:      0                           *
*           corr. CPU:  00:00:00,02   CPU time has been corrected by  1 / 1,0  multiplier                                          *
*                                                                                                                                  *
*     I/O Operation                                                                                                                *
*     Number of records read via DD * or DD DATA:      0                                                                           *
*     293......11 DMY.......0 292......10 291.......0 DMY.......0                                                                  *
*                                                                                                                                  *
*                                          Charge for step (w/o SYSOUT):          0,03                                             *
************************************************************************************************************************************
IEF236I ALLOC. FOR PRG05 GO ASMFCLG
IEF237I 292  ALLOCATED TO PGM=*.DD
IEF237I JES2 ALLOCATED TO SNAPDUMP
IEF142I PRG05 GO ASMFCLG - STEP WAS EXECUTED - COND CODE 0000
IEF285I   SYS24121.T014038.RA000.PRG05.GOSET           KEPT          *--------0
IEF285I   VOL SER NOS= WORK03.
IEF285I   JES2.JOB00080.SO0105                         SYSOUT
IEF373I STEP /GO      / START 24121.0140
IEF374I STEP /GO      / STOP  24121.0140 CPU    0MIN 00.01SEC SRB    0MIN 00.00SEC VIRT     8K SYS   200K
************************************************************************************************************************************
*     3. Jobstep of job: PRG05       Stepname: GO          Program name: PGM=*.DD   Executed on 30.04.24 from 01.40.39 to 01.40.39 *
*         elapsed time  00:00:00,02                      CPU-Identifier:  TK5R           Page-in:      0                           *
*             CPU time  00:00:00,01               Virtual Storage used:      8K         Page-out:      0                           *
*           corr. CPU:  00:00:00,01   CPU time has been corrected by  1 / 1,0  multiplier                                          *
*                                                                                                                                  *
*     I/O Operation                                                                                                                *
*     Number of records read via DD * or DD DATA:      0                                                                           *
*     292.......0 DMY.......0                                                                                                      *
*                                                                                                                                  *
*                                          Charge for step (w/o SYSOUT):          0,01                                             *
************************************************************************************************************************************
IEF237I 292  ALLOCATED TO SYS00001
IEF285I   SYS24121.T014039.RA000.PRG05.R0000001        KEPT          *--------0
IEF285I   VOL SER NOS= WORK03.
IEF285I   SYS24121.T014038.RA000.PRG05.GOSET           DELETED
IEF285I   VOL SER NOS= WORK03.
IEF375I  JOB /PRG05   / START 24121.0140
IEF376I  JOB /PRG05   / STOP  24121.0140 CPU    0MIN 00.31SEC SRB    0MIN 00.02SEC
                                               EXTERNAL SYMBOL DICTIONARY                                      PAGE    1


SYMBOL   TYPE  ID   ADDR  LENGTH LDID                                                            ASM 0201 01.40 04/30/24

          PC  0001 000000 000000
BEGIN     SD  0002 000000 000368                                                                                                               PAGE    2


  LOC  OBJECT CODE    ADDR1 ADDR2  STMT   SOURCE STATEMENT                                       ASM 0201 01.40 04/30/24

                                      1          PRINT NOGEN                                                    00000400
                                      2 *                                                                       00000500
                                      3          MACRO                                                          00000600
                                      4          PSH   &REG                                                     00000700
                                      5          ST    &REG,0(,3)     STORE ELEMENT ON STACK                    00000800
                                      6          LA    3,4(3)         INCREMENT STACK POINTER                   00000900
                                      7          MEND                                                           00001000
                                      8 *                                                                       00001100
                                      9          MACRO                                                          00001200
                                     10          PLP   &REG                                                     00001300
                                     11          S     3,=F'4'        DECREMENT STACK POINTER                   00001400
                                     12          L     &REG,0(,3)     READ ELEMENT FROM STACK                   00001500
                                     13          MEND                                                           00001600
                                     14 *                                                                       00001700
                                     15          MACRO                                                          00001800
                                     16          JSR   &SUB                                                     00001900
                                     17          LA    11,*+16        RETURN ADDRESS                            00002000
                                     18          ST    11,0(,3)       SAVE ON STACK                             00002100
                                     19          LA    3,4(,3)        ADJUST SP AFTER PUSH                      00002200
                                     20          B     &SUB           JUMP TO SUBROUTINE                        00002300
                                     21          MEND                                                           00002400
                                     22 *                                                                       00002500
                                     23          MACRO                                                          00002600
                                     24          RTS                                                            00002700
                                     25          S     3,=F'4'       ADJUST STACK POINTER                       00002800
                                     26          L     11,0(,3)      GET RETURN ADDRESS                         00002900
                                     27          BR    11            RETURN TO CALLER                           00003000
                                     28          MEND                                                           00003100
                                     29 *                                                                       00003200
                            00000    30 R0       EQU   0                                                        00003300
                            00001    31 R1       EQU   1                                                        00003400
                            00002    32 R2       EQU   2                                                        00003500
                            00003    33 R3       EQU   3                                                        00003600
                            00004    34 R4       EQU   4                                                        00003700
                            00005    35 R5       EQU   5                                                        00003800
                            00006    36 R6       EQU   6                                                        00003900
                            00007    37 R7       EQU   7                                                        00004000
                            00008    38 R8       EQU   8                                                        00004100
                            00009    39 R9       EQU   9                                                        00004200
                            0000A    40 R10      EQU   10                                                       00004300
                            0000B    41 R11      EQU   11                                                       00004400
                            0000C    42 R12      EQU   12                                                       00004500
                            0000D    43 R13      EQU   13                                                       00004600
                            0000E    44 R14      EQU   14                                                       00004700
                            0000F    45 R15      EQU   15                                                       00004800
                                     46 *                                                                       00004900
000000                               47 BEGIN    CSECT                                                          00005000
                                     48          SAVE  (14,12)                                                  00005100
000004 05C0                          51          BALR  12,0           SET UP BASE REGISTER                      00005200
                            00006    52          USING *,12                                                     00005300
000006 50D0 C29E      002A4          53          ST    13,SAVE+4      SAVE CALLER'S SAVE AREA                   00005400
                                     54 *                                                                       00005500
                                     55          OPEN  (SNAPOUT,OUTPUT)                                         00005600
000016 4130 C10A      00110          61          LA    R3,STACK       INITIALIZE STACK POINTER                  00005700
00001A 4140 C2E2      002E8          62          LA    R4,RESULTS     STORAGE AREA FOR RESULTS                  00005800                                                                                                               PAGE    3


  LOC  OBJECT CODE    ADDR1 ADDR2  STMT   SOURCE STATEMENT                                       ASM 0201 01.40 04/30/24

00001E 5860 C08A      00090          63          L     R6,=F'10'      10 TEST VALUES                            00005900
000022 1755                          64          XR    R5,R5          START WITH FIB(0)                         00006000
000024 1815                          65 FIBLOOP  LR    R1,R5                                                    00006100
                                     66          JSR   FIB            COMPUTE FIB(X)                            00006200
000036 5000 4000      00000          71          ST    R0,0(,R4)      SAVE RESULT ON LIST                       00006300
00003A 5A50 C08E      00094          72          A     R5,=F'1'       NEXT TEST ARGUMENT                        00006400
00003E 4140 4004      00004          73          LA    R4,4(,R4)      BUMP POINTER                              00006500
000042 5B60 C08E      00094          74          S     R6,=F'1'                                                 00006600
000046 4770 C01E      00024          75          BNZ   FIBLOOP        DONE ?                                    00006700
                                     76          SNAP  DCB=SNAPOUT,PDATA=(PSW,REGS),STORAGE=(RESULTS,EOR)       00006800
                                     96          CLOSE SNAPOUT                                                  00006900
000082 58D0 C29E      002A4         102          L     13,SAVE+4      RESTORE SAVE AREA                         00007000
                                    103          RETURN (14,12),RC=0                                            00007100
                                    107 *                                                                       00007200
000090                              108          LTORG                                                          00007300
000090 0000000A                     109                =F'10'
000094 00000001                     110                =F'1'
                                    111 *                                                                       00007400
                                    112 * FIBONACCI SEQUENCE SUBROUTINE                                         00007500
                                    113 * REGISTER USAGE:    R0  - RETURN RESULT                                00007600
                                    114 *                    R1  - FUNCTION ARGUMENT                            00007700
                                    115 *                    R2  - LOCAL VARIABLE                               00007800
000098                              116 FIB      DS    0H                                                       00007900
                                    117          PSH   R1                                                       00008000
                                    120          PSH   R2                                                       00008100
0000A8 1411                         123          NR    R1,R1         TEST FOR ZERO                              00008200
0000AA 4770 C0AE      000B4         124          BNZ   FIBNZ         NOT ZERO                                   00008300
0000AE 1700                         125          XR    R0,R0         RETURN ZERO                                00008400
0000B0 47F0 C0E8      000EE         126          B     FIBRET        RETURN TO CALLER                           00008500
0000B4 5910 C102      00108         127 FIBNZ    C     R1,=F'1'      TEST FOR ONE                               00008600
0000B8 4770 C0BC      000C2         128          BNZ   FIBNOT        NOT ONE                                    00008700
0000BC 1801                         129          LR    R0,R1         RETURN ONE                                 00008800
0000BE 47F0 C0E8      000EE         130          B     FIBRET        RETURN TO CALLER                           00008900
                                    131 * FIB(N) = FIB(N-1)+FIB(N-2)                                            00009000
0000C2 5B10 C102      00108         132 FIBNOT   S     R1,=F'1'      N-1                                        00009100
                                    133          JSR   FIB           COMPUTE F(N-1)                             00009200
0000D6 1820                         138          LR    R2,R0         SAVE RESULT                                00009300
0000D8 5B10 C102      00108         139          S     R1,=F'1'      R1 = N-2                                   00009400
                                    140          JSR   FIB           COMPUTE F(N-2)                             00009500
0000EC 1A02                         145          AR    R0,R2         FIB(N-1)+FIB(N-2)                          00009600
0000EE                              146 FIBRET   DS    0H                                                       00009700
                                    147          PLP   R2            RESTORE REGISTERS                          00009800
                                    150          PLP   R1                                                       00009900
                                    153          RTS                 RETURN TO CALLER                           00010000
                                    157 *                                                                       00010100
000108                              158          LTORG                                                          00010200
000108 00000001                     159                =F'1'
00010C 00000004                     160                =F'4'
                                    161 *                                                                       00010300
000110                              162          CNOP  0,4                                                      00010400
                                    163 *                                                                       00010500
000110                              164 STACK    DS    100F          100 WORDS OF STACK                         00010600
0002A0                              165 SAVE     DS    18F           SAVE AREA                                  00010700
0002E8                              166 RESULTS  DS    10F           RESULTS                                    00010800
000310                              167 EOR      DS    0F                                                       00010900                                                                                                               PAGE    4


  LOC  OBJECT CODE    ADDR1 ADDR2  STMT   SOURCE STATEMENT                                       ASM 0201 01.40 04/30/24

                                    168 SNAPOUT  DCB   DSORG=PS,RECFM=VBA,MACRF=W,BLKSIZE=882,LRECL=125,       X00011000
                                                       DDNAME=SNAPDUMP                                          00011100
                                    219 *                                                                       00011200
000368                              220          LTORG                                                          00011300
000000                              221          END   BEGIN                                                    00011400                                                  RELOCATION DICTIONARY                                        PAGE    5


POS.ID   REL.ID   FLAGS   ADDRESS                                                                ASM 0201 01.40 04/30/24

 0002     0002      08     000011
 0002     0002      0C     000058
 0002     0002      0C     000060
 0002     0002      0C     000068
 0002     0002      0C     00006C
 0002     0002      08     00007D
                                                  CROSS-REFERENCE                                              PAGE    6


SYMBOL    LEN   VALUE   DEFN    REFERENCES                                                       ASM 0201 01.40 04/30/24

BEGIN    00001 00000000 00047  00221
EOR      00004 00000310 00167  00092
FIB      00002 00000098 00116  00070 00137 00144
FIBLOOP  00002 00000024 00065  00075
FIBNOT   00004 000000C2 00132  00128
FIBNZ    00004 000000B4 00127  00124
FIBRET   00002 000000EE 00146  00126 00130
IHB0004  00002 00000070 00093  00079
RESULTS  00004 000002E8 00166  00062 00091
R0       00001 00000000 00030  00071 00125 00125 00129 00138 00145
R1       00001 00000001 00031  00065 00118 00123 00123 00127 00129 00132 00139 00152
R2       00001 00000002 00032  00121 00138 00145 00149
R3       00001 00000003 00033  00061
R4       00001 00000004 00034  00062 00071 00073 00073
R5       00001 00000005 00035  00064 00064 00065 00072
R6       00001 00000006 00036  00063 00074
SAVE     00004 000002A0 00165  00053 00102
SNAPOUT  00004 00000310 00172  00059 00087 00100
STACK    00004 00000110 00164  00061                                                  LITERAL CROSS-REFERENCE                                      PAGE    7


SYMBOL    LEN   VALUE   DEFN    REFERENCES                                                       ASM 0201 01.40 04/30/24

=F'10'   00004 00000090 00109  00063
=F'1'    00004 00000094 00110  00072 00074
=F'1'    00004 00000108 00159  00127 00132 00139
=F'4'    00004 0000010C 00160  00148 00151 00154                                                  ASSEMBLER DIAGNOSTICS AND STATISTICS                         PAGE    8


                                                                                                 ASM 0201 01.40 04/30/24

NO STATEMENTS FLAGGED IN THIS ASSEMBLY
HIGHEST SEVERITY WAS    0
OPTIONS FOR THIS ASSEMBLY
  ALIGN, ALOGIC, BUFSIZE(STD), DECK, ESD, FLAG(0), LINECOUNT(55), LIST, NOMCALL, YFLAG, WORKSIZE(2097152)
  NOMLOGIC, NONUMBER, OBJECT, NORENT, RLD, NOSTMT, NOLIBMAC, NOTERMINAL, NOTEST, XREF(SHORT)
  SYSPARM()
WORK FILE BUFFER SIZE/NUMBER = 7678/ 1
TOTAL RECORDS READ FROM SYSTEM INPUT        111
TOTAL RECORDS READ FROM SYSTEM LIBRARY     3844
TOTAL RECORDS PUNCHED                        10
TOTAL RECORDS PRINTED                       174
 F64-LEVEL LINKAGE EDITOR OPTIONS SPECIFIED XREF,LET,LIST,NCAL
          DEFAULT OPTION(S) USED -  SIZE=(98304,55296)



                                                CROSS REFERENCE TABLE


  CONTROL SECTION                       ENTRY

    NAME    ORIGIN  LENGTH                NAME   LOCATION     NAME   LOCATION     NAME   LOCATION     NAME   LOCATION
  BEGIN         00     368




  LOCATION  REFERS TO SYMBOL  IN CONTROL SECTION             LOCATION  REFERS TO SYMBOL  IN CONTROL SECTION

 ENTRY ADDRESS       00

 TOTAL LENGTH       368
****GO        DOES NOT EXIST BUT HAS BEEN ADDED TO DATA SET
AUTHORIZATION CODE IS         0.
JOB PRG05            STEP GO              TIME 014039   DATE 24121                CPUID = FD0006113033       PAGE 0001

PSW AT ENTRY TO SNAP   078D1000 000A5D0E        ILC 2   INTC 0033


REGS AT ENTRY TO SNAP

     FLTR 0-6      0000000000000000      0000000000000000              0000000000000000      0000000000000000

     REGS 0-7      00000022   800A5CE8   00000040   000A5DA8           000A5FA8   0000000A   00000000   FD000000
     REGS 8-15     009BC968   809BC310   00000000   000A5CCE           400A5C9E   000A4FB0   00015CC0   00000000

-STORAGE

0A5F80   00000000 00000001 00000001 00000002    00000003 00000005 00000008 0000000D   *................................*
0A5FA0   00000015 00000022 00000000                                                   *............                    *
JOB PRG05            STEP GO              TIME 014039   DATE 24121                                          PAGE 0002

                   DUMP INDEX
                   ----------

 DATA AREAS                           PAGE NUMBER
-----------                           -----------

 REGISTERS.............................  0001
 STORAGE AREAS.........................  0001

END OF DUMP                                      PPPPPPPPPPP   RRRRRRRRRRR    GGGGGGGGGG     00000000    555555555555
                                     PPPPPPPPPPPP  RRRRRRRRRRRR  GGGGGGGGGGGG   0000000000   555555555555
                                    PP        PP  RR        RR  GG        GG  00      0000  55
                                   PP        PP  RR        RR  GG            00     00 00  55
                                  PP        PP  RR        RR  GG            00    00  00  55
                                 PPPPPPPPPPPP  RRRRRRRRRRRR  GG            00   00   00  555555555
                                PPPPPPPPPPP   RRRRRRRRRRR   GG     GGGGG  00  00    00  5555555555
                               PP            RR    RR      GG     GGGGG  00 00     00           55
                              PP            RR     RR     GG        GG  0000      00            55
                             PP            RR      RR    GG        GG  000       00            55
                            PP            RR       RR   GGGGGGGGGGGG   0000000000   555555555555
                           PP            RR        RR   GGGGGGGGGG     00000000    55555555555



                    JJJJJJJJJJ   8888888888     00000000                                              ZZZZZZZZZZZZ
                    JJJJJJJJJJ  888888888888   0000000000                                             ZZZZZZZZZZZZ
                        JJ      88        88  00      0000                                                     ZZ
                        JJ      88        88  00     00 00                                                    ZZ
                        JJ       88      88   00    00  00                                                   ZZ
                        JJ        88888888    00   00   00                                               ZZZZZZZ
                        JJ        88888888    00  00    00                                               ZZZZZZZ
                        JJ       88      88   00 00     00                                                ZZ
                  JJ    JJ      88        88  0000      00                                               ZZ
                  JJ    JJ      88        88  000       00                                              ZZ
                  JJJJJJJJ      888888888888   0000000000                                              ZZZZZZZZZZZ
                   JJJJJJ        8888888888     00000000                                              ZZZZZZZZZZZZ


****Z   END   JOB   80  PRG05                           ROOM        1.40.39 AM 30 APR 24  PRINTER2  SYS TK5R  JOB   80   END   Z****
****Z   END   JOB   80  PRG05                           ROOM        1.40.39 AM 30 APR 24  PRINTER2  SYS TK5R  JOB   80   END   Z****
****Z   END   JOB   80  PRG05                           ROOM        1.40.39 AM 30 APR 24  PRINTER2  SYS TK5R  JOB   80   END   Z****
****Z   END   JOB   80  PRG05                           ROOM        1.40.39 AM 30 APR 24  PRINTER2  SYS TK5R  JOB   80   END   Z****

